10MB
🗑️ 成功刪除 input.txt 檔案。
是否建立測試檔？(size,MB)：📦 正在產生 input.txt...
use cmd :'[1;33m dd if=/dev/urandom of=input.txt bs=1M count=10 status=none [0m'
✅ 檔案產生完成。

========== I/O 模式選單 ==========
 1: Blocking I/O
 2: Non-Blocking I/O
 3: Asynchronous I/O (AIO)
 0: 離開程式
請選擇模式：
📦 清除 Page Cache...
use cmd :'[1;33m sync; echo 3 | sudo tee /proc/sys/vm/drop_caches > /dev/null [0m'
🔧 測試模式：Blocking I/O
[Blocking I/O] 執行時間： 0.030634 秒

========== I/O 模式選單 ==========
 1: Blocking I/O
 2: Non-Blocking I/O
 3: Asynchronous I/O (AIO)
 0: 離開程式
請選擇模式：
📦 清除 Page Cache...
use cmd :'[1;33m sync; echo 3 | sudo tee /proc/sys/vm/drop_caches > /dev/null [0m'
🔧 測試模式：Non-Blocking I/O
[Non-Blocking I/O] 執行時間： 0.016585 秒

========== I/O 模式選單 ==========
 1: Blocking I/O
 2: Non-Blocking I/O
 3: Asynchronous I/O (AIO)
 0: 離開程式
請選擇模式：
📦 清除 Page Cache...
use cmd :'[1;33m sync; echo 3 | sudo tee /proc/sys/vm/drop_caches > /dev/null [0m'
請輸入 AIO 並發數量（1~32）：🔧 測試模式：Asynchronous I/O（4 並發）
[AIO（並發數 4）] 執行時間： 0.024086 秒

========== I/O 模式選單 ==========
 1: Blocking I/O
 2: Non-Blocking I/O
 3: Asynchronous I/O (AIO)
 0: 離開程式
請選擇模式：
📦 清除 Page Cache...
use cmd :'[1;33m sync; echo 3 | sudo tee /proc/sys/vm/drop_caches > /dev/null [0m'
請輸入 AIO 並發數量（1~32）：🔧 測試模式：Asynchronous I/O（8 並發）
[AIO（並發數 8）] 執行時間： 0.025495 秒

========== I/O 模式選單 ==========
 1: Blocking I/O
 2: Non-Blocking I/O
 3: Asynchronous I/O (AIO)
 0: 離開程式
請選擇模式：
📦 清除 Page Cache...
use cmd :'[1;33m sync; echo 3 | sudo tee /proc/sys/vm/drop_caches > /dev/null [0m'
請輸入 AIO 並發數量（1~32）：🔧 測試模式：Asynchronous I/O（16 並發）
[AIO（並發數 16）] 執行時間： 0.016493 秒

========== I/O 模式選單 ==========
 1: Blocking I/O
 2: Non-Blocking I/O
 3: Asynchronous I/O (AIO)
 0: 離開程式
請選擇模式：
📦 清除 Page Cache...
use cmd :'[1;33m sync; echo 3 | sudo tee /proc/sys/vm/drop_caches > /dev/null [0m'
請輸入 AIO 並發數量（1~32）：🔧 測試模式：Asynchronous I/O（32 並發）
[AIO（並發數 32）] 執行時間： 0.022808 秒

========== I/O 模式選單 ==========
 1: Blocking I/O
 2: Non-Blocking I/O
 3: Asynchronous I/O (AIO)
 0: 離開程式
請選擇模式：結束測試。
20MB
🗑️ 成功刪除 input.txt 檔案。
是否建立測試檔？(size,MB)：📦 正在產生 input.txt...
use cmd :'[1;33m dd if=/dev/urandom of=input.txt bs=1M count=20 status=none [0m'
✅ 檔案產生完成。

========== I/O 模式選單 ==========
 1: Blocking I/O
 2: Non-Blocking I/O
 3: Asynchronous I/O (AIO)
 0: 離開程式
請選擇模式：
📦 清除 Page Cache...
use cmd :'[1;33m sync; echo 3 | sudo tee /proc/sys/vm/drop_caches > /dev/null [0m'
🔧 測試模式：Blocking I/O
[Blocking I/O] 執行時間： 0.047694 秒

========== I/O 模式選單 ==========
 1: Blocking I/O
 2: Non-Blocking I/O
 3: Asynchronous I/O (AIO)
 0: 離開程式
請選擇模式：
📦 清除 Page Cache...
use cmd :'[1;33m sync; echo 3 | sudo tee /proc/sys/vm/drop_caches > /dev/null [0m'
🔧 測試模式：Non-Blocking I/O
[Non-Blocking I/O] 執行時間： 0.042833 秒

========== I/O 模式選單 ==========
 1: Blocking I/O
 2: Non-Blocking I/O
 3: Asynchronous I/O (AIO)
 0: 離開程式
請選擇模式：
📦 清除 Page Cache...
use cmd :'[1;33m sync; echo 3 | sudo tee /proc/sys/vm/drop_caches > /dev/null [0m'
請輸入 AIO 並發數量（1~32）：🔧 測試模式：Asynchronous I/O（4 並發）
[AIO（並發數 4）] 執行時間： 0.033765 秒

========== I/O 模式選單 ==========
 1: Blocking I/O
 2: Non-Blocking I/O
 3: Asynchronous I/O (AIO)
 0: 離開程式
請選擇模式：
📦 清除 Page Cache...
use cmd :'[1;33m sync; echo 3 | sudo tee /proc/sys/vm/drop_caches > /dev/null [0m'
請輸入 AIO 並發數量（1~32）：🔧 測試模式：Asynchronous I/O（8 並發）
[AIO（並發數 8）] 執行時間： 0.033685 秒

========== I/O 模式選單 ==========
 1: Blocking I/O
 2: Non-Blocking I/O
 3: Asynchronous I/O (AIO)
 0: 離開程式
請選擇模式：
📦 清除 Page Cache...
use cmd :'[1;33m sync; echo 3 | sudo tee /proc/sys/vm/drop_caches > /dev/null [0m'
請輸入 AIO 並發數量（1~32）：🔧 測試模式：Asynchronous I/O（16 並發）
[AIO（並發數 16）] 執行時間： 0.033305 秒

========== I/O 模式選單 ==========
 1: Blocking I/O
 2: Non-Blocking I/O
 3: Asynchronous I/O (AIO)
 0: 離開程式
請選擇模式：
📦 清除 Page Cache...
use cmd :'[1;33m sync; echo 3 | sudo tee /proc/sys/vm/drop_caches > /dev/null [0m'
請輸入 AIO 並發數量（1~32）：🔧 測試模式：Asynchronous I/O（32 並發）
[AIO（並發數 32）] 執行時間： 0.031090 秒

========== I/O 模式選單 ==========
 1: Blocking I/O
 2: Non-Blocking I/O
 3: Asynchronous I/O (AIO)
 0: 離開程式
請選擇模式：結束測試。
30MB
🗑️ 成功刪除 input.txt 檔案。
是否建立測試檔？(size,MB)：📦 正在產生 input.txt...
use cmd :'[1;33m dd if=/dev/urandom of=input.txt bs=1M count=30 status=none [0m'
✅ 檔案產生完成。

========== I/O 模式選單 ==========
 1: Blocking I/O
 2: Non-Blocking I/O
 3: Asynchronous I/O (AIO)
 0: 離開程式
請選擇模式：
📦 清除 Page Cache...
use cmd :'[1;33m sync; echo 3 | sudo tee /proc/sys/vm/drop_caches > /dev/null [0m'
🔧 測試模式：Blocking I/O
[Blocking I/O] 執行時間： 0.059258 秒

========== I/O 模式選單 ==========
 1: Blocking I/O
 2: Non-Blocking I/O
 3: Asynchronous I/O (AIO)
 0: 離開程式
請選擇模式：
📦 清除 Page Cache...
use cmd :'[1;33m sync; echo 3 | sudo tee /proc/sys/vm/drop_caches > /dev/null [0m'
🔧 測試模式：Non-Blocking I/O
[Non-Blocking I/O] 執行時間： 0.090865 秒

========== I/O 模式選單 ==========
 1: Blocking I/O
 2: Non-Blocking I/O
 3: Asynchronous I/O (AIO)
 0: 離開程式
請選擇模式：
📦 清除 Page Cache...
use cmd :'[1;33m sync; echo 3 | sudo tee /proc/sys/vm/drop_caches > /dev/null [0m'
請輸入 AIO 並發數量（1~32）：🔧 測試模式：Asynchronous I/O（4 並發）
[AIO（並發數 4）] 執行時間： 0.045351 秒

========== I/O 模式選單 ==========
 1: Blocking I/O
 2: Non-Blocking I/O
 3: Asynchronous I/O (AIO)
 0: 離開程式
請選擇模式：
📦 清除 Page Cache...
use cmd :'[1;33m sync; echo 3 | sudo tee /proc/sys/vm/drop_caches > /dev/null [0m'
請輸入 AIO 並發數量（1~32）：🔧 測試模式：Asynchronous I/O（8 並發）
[AIO（並發數 8）] 執行時間： 0.074945 秒

========== I/O 模式選單 ==========
 1: Blocking I/O
 2: Non-Blocking I/O
 3: Asynchronous I/O (AIO)
 0: 離開程式
請選擇模式：
📦 清除 Page Cache...
use cmd :'[1;33m sync; echo 3 | sudo tee /proc/sys/vm/drop_caches > /dev/null [0m'
請輸入 AIO 並發數量（1~32）：🔧 測試模式：Asynchronous I/O（16 並發）
[AIO（並發數 16）] 執行時間： 0.065989 秒

========== I/O 模式選單 ==========
 1: Blocking I/O
 2: Non-Blocking I/O
 3: Asynchronous I/O (AIO)
 0: 離開程式
請選擇模式：
📦 清除 Page Cache...
use cmd :'[1;33m sync; echo 3 | sudo tee /proc/sys/vm/drop_caches > /dev/null [0m'
請輸入 AIO 並發數量（1~32）：🔧 測試模式：Asynchronous I/O（32 並發）
[AIO（並發數 32）] 執行時間： 0.067565 秒

========== I/O 模式選單 ==========
 1: Blocking I/O
 2: Non-Blocking I/O
 3: Asynchronous I/O (AIO)
 0: 離開程式
請選擇模式：結束測試。
40MB
🗑️ 成功刪除 input.txt 檔案。
是否建立測試檔？(size,MB)：📦 正在產生 input.txt...
use cmd :'[1;33m dd if=/dev/urandom of=input.txt bs=1M count=40 status=none [0m'
✅ 檔案產生完成。

========== I/O 模式選單 ==========
 1: Blocking I/O
 2: Non-Blocking I/O
 3: Asynchronous I/O (AIO)
 0: 離開程式
請選擇模式：
📦 清除 Page Cache...
use cmd :'[1;33m sync; echo 3 | sudo tee /proc/sys/vm/drop_caches > /dev/null [0m'
🔧 測試模式：Blocking I/O
[Blocking I/O] 執行時間： 0.101812 秒

========== I/O 模式選單 ==========
 1: Blocking I/O
 2: Non-Blocking I/O
 3: Asynchronous I/O (AIO)
 0: 離開程式
請選擇模式：
📦 清除 Page Cache...
use cmd :'[1;33m sync; echo 3 | sudo tee /proc/sys/vm/drop_caches > /dev/null [0m'
🔧 測試模式：Non-Blocking I/O
[Non-Blocking I/O] 執行時間： 0.113935 秒

========== I/O 模式選單 ==========
 1: Blocking I/O
 2: Non-Blocking I/O
 3: Asynchronous I/O (AIO)
 0: 離開程式
請選擇模式：
📦 清除 Page Cache...
use cmd :'[1;33m sync; echo 3 | sudo tee /proc/sys/vm/drop_caches > /dev/null [0m'
請輸入 AIO 並發數量（1~32）：🔧 測試模式：Asynchronous I/O（4 並發）
[AIO（並發數 4）] 執行時間： 0.089303 秒

========== I/O 模式選單 ==========
 1: Blocking I/O
 2: Non-Blocking I/O
 3: Asynchronous I/O (AIO)
 0: 離開程式
請選擇模式：
📦 清除 Page Cache...
use cmd :'[1;33m sync; echo 3 | sudo tee /proc/sys/vm/drop_caches > /dev/null [0m'
請輸入 AIO 並發數量（1~32）：🔧 測試模式：Asynchronous I/O（8 並發）
[AIO（並發數 8）] 執行時間： 0.129086 秒

========== I/O 模式選單 ==========
 1: Blocking I/O
 2: Non-Blocking I/O
 3: Asynchronous I/O (AIO)
 0: 離開程式
請選擇模式：
📦 清除 Page Cache...
use cmd :'[1;33m sync; echo 3 | sudo tee /proc/sys/vm/drop_caches > /dev/null [0m'
請輸入 AIO 並發數量（1~32）：🔧 測試模式：Asynchronous I/O（16 並發）
[AIO（並發數 16）] 執行時間： 0.108020 秒

========== I/O 模式選單 ==========
 1: Blocking I/O
 2: Non-Blocking I/O
 3: Asynchronous I/O (AIO)
 0: 離開程式
請選擇模式：
📦 清除 Page Cache...
use cmd :'[1;33m sync; echo 3 | sudo tee /proc/sys/vm/drop_caches > /dev/null [0m'
請輸入 AIO 並發數量（1~32）：🔧 測試模式：Asynchronous I/O（32 並發）
[AIO（並發數 32）] 執行時間： 0.091002 秒

========== I/O 模式選單 ==========
 1: Blocking I/O
 2: Non-Blocking I/O
 3: Asynchronous I/O (AIO)
 0: 離開程式
請選擇模式：結束測試。
50MB
🗑️ 成功刪除 input.txt 檔案。
是否建立測試檔？(size,MB)：📦 正在產生 input.txt...
use cmd :'[1;33m dd if=/dev/urandom of=input.txt bs=1M count=50 status=none [0m'
✅ 檔案產生完成。

========== I/O 模式選單 ==========
 1: Blocking I/O
 2: Non-Blocking I/O
 3: Asynchronous I/O (AIO)
 0: 離開程式
請選擇模式：
📦 清除 Page Cache...
use cmd :'[1;33m sync; echo 3 | sudo tee /proc/sys/vm/drop_caches > /dev/null [0m'
🔧 測試模式：Blocking I/O
[Blocking I/O] 執行時間： 0.097491 秒

========== I/O 模式選單 ==========
 1: Blocking I/O
 2: Non-Blocking I/O
 3: Asynchronous I/O (AIO)
 0: 離開程式
請選擇模式：
📦 清除 Page Cache...
use cmd :'[1;33m sync; echo 3 | sudo tee /proc/sys/vm/drop_caches > /dev/null [0m'
🔧 測試模式：Non-Blocking I/O
[Non-Blocking I/O] 執行時間： 0.152204 秒

========== I/O 模式選單 ==========
 1: Blocking I/O
 2: Non-Blocking I/O
 3: Asynchronous I/O (AIO)
 0: 離開程式
請選擇模式：
📦 清除 Page Cache...
use cmd :'[1;33m sync; echo 3 | sudo tee /proc/sys/vm/drop_caches > /dev/null [0m'
請輸入 AIO 並發數量（1~32）：🔧 測試模式：Asynchronous I/O（4 並發）
[AIO（並發數 4）] 執行時間： 0.105988 秒

========== I/O 模式選單 ==========
 1: Blocking I/O
 2: Non-Blocking I/O
 3: Asynchronous I/O (AIO)
 0: 離開程式
請選擇模式：
📦 清除 Page Cache...
use cmd :'[1;33m sync; echo 3 | sudo tee /proc/sys/vm/drop_caches > /dev/null [0m'
請輸入 AIO 並發數量（1~32）：🔧 測試模式：Asynchronous I/O（8 並發）
[AIO（並發數 8）] 執行時間： 0.121341 秒

========== I/O 模式選單 ==========
 1: Blocking I/O
 2: Non-Blocking I/O
 3: Asynchronous I/O (AIO)
 0: 離開程式
請選擇模式：
📦 清除 Page Cache...
use cmd :'[1;33m sync; echo 3 | sudo tee /proc/sys/vm/drop_caches > /dev/null [0m'
請輸入 AIO 並發數量（1~32）：🔧 測試模式：Asynchronous I/O（16 並發）
[AIO（並發數 16）] 執行時間： 0.094118 秒

========== I/O 模式選單 ==========
 1: Blocking I/O
 2: Non-Blocking I/O
 3: Asynchronous I/O (AIO)
 0: 離開程式
請選擇模式：
📦 清除 Page Cache...
use cmd :'[1;33m sync; echo 3 | sudo tee /proc/sys/vm/drop_caches > /dev/null [0m'
請輸入 AIO 並發數量（1~32）：🔧 測試模式：Asynchronous I/O（32 並發）
[AIO（並發數 32）] 執行時間： 0.116047 秒

========== I/O 模式選單 ==========
 1: Blocking I/O
 2: Non-Blocking I/O
 3: Asynchronous I/O (AIO)
 0: 離開程式
請選擇模式：結束測試。
60MB
🗑️ 成功刪除 input.txt 檔案。
是否建立測試檔？(size,MB)：📦 正在產生 input.txt...
use cmd :'[1;33m dd if=/dev/urandom of=input.txt bs=1M count=60 status=none [0m'
✅ 檔案產生完成。

========== I/O 模式選單 ==========
 1: Blocking I/O
 2: Non-Blocking I/O
 3: Asynchronous I/O (AIO)
 0: 離開程式
請選擇模式：
📦 清除 Page Cache...
use cmd :'[1;33m sync; echo 3 | sudo tee /proc/sys/vm/drop_caches > /dev/null [0m'
🔧 測試模式：Blocking I/O
[Blocking I/O] 執行時間： 0.159594 秒

========== I/O 模式選單 ==========
 1: Blocking I/O
 2: Non-Blocking I/O
 3: Asynchronous I/O (AIO)
 0: 離開程式
請選擇模式：
📦 清除 Page Cache...
use cmd :'[1;33m sync; echo 3 | sudo tee /proc/sys/vm/drop_caches > /dev/null [0m'
🔧 測試模式：Non-Blocking I/O
[Non-Blocking I/O] 執行時間： 0.136174 秒

========== I/O 模式選單 ==========
 1: Blocking I/O
 2: Non-Blocking I/O
 3: Asynchronous I/O (AIO)
 0: 離開程式
請選擇模式：
📦 清除 Page Cache...
use cmd :'[1;33m sync; echo 3 | sudo tee /proc/sys/vm/drop_caches > /dev/null [0m'
請輸入 AIO 並發數量（1~32）：🔧 測試模式：Asynchronous I/O（4 並發）
[AIO（並發數 4）] 執行時間： 0.183642 秒

========== I/O 模式選單 ==========
 1: Blocking I/O
 2: Non-Blocking I/O
 3: Asynchronous I/O (AIO)
 0: 離開程式
請選擇模式：
📦 清除 Page Cache...
use cmd :'[1;33m sync; echo 3 | sudo tee /proc/sys/vm/drop_caches > /dev/null [0m'
請輸入 AIO 並發數量（1~32）：🔧 測試模式：Asynchronous I/O（8 並發）
[AIO（並發數 8）] 執行時間： 0.122897 秒

========== I/O 模式選單 ==========
 1: Blocking I/O
 2: Non-Blocking I/O
 3: Asynchronous I/O (AIO)
 0: 離開程式
請選擇模式：
📦 清除 Page Cache...
use cmd :'[1;33m sync; echo 3 | sudo tee /proc/sys/vm/drop_caches > /dev/null [0m'
請輸入 AIO 並發數量（1~32）：🔧 測試模式：Asynchronous I/O（16 並發）
[AIO（並發數 16）] 執行時間： 0.130953 秒

========== I/O 模式選單 ==========
 1: Blocking I/O
 2: Non-Blocking I/O
 3: Asynchronous I/O (AIO)
 0: 離開程式
請選擇模式：
📦 清除 Page Cache...
use cmd :'[1;33m sync; echo 3 | sudo tee /proc/sys/vm/drop_caches > /dev/null [0m'
請輸入 AIO 並發數量（1~32）：🔧 測試模式：Asynchronous I/O（32 並發）
[AIO（並發數 32）] 執行時間： 0.144257 秒

========== I/O 模式選單 ==========
 1: Blocking I/O
 2: Non-Blocking I/O
 3: Asynchronous I/O (AIO)
 0: 離開程式
請選擇模式：結束測試。
70MB
🗑️ 成功刪除 input.txt 檔案。
是否建立測試檔？(size,MB)：📦 正在產生 input.txt...
use cmd :'[1;33m dd if=/dev/urandom of=input.txt bs=1M count=70 status=none [0m'
✅ 檔案產生完成。

========== I/O 模式選單 ==========
 1: Blocking I/O
 2: Non-Blocking I/O
 3: Asynchronous I/O (AIO)
 0: 離開程式
請選擇模式：
📦 清除 Page Cache...
use cmd :'[1;33m sync; echo 3 | sudo tee /proc/sys/vm/drop_caches > /dev/null [0m'
🔧 測試模式：Blocking I/O
[Blocking I/O] 執行時間： 0.142742 秒

========== I/O 模式選單 ==========
 1: Blocking I/O
 2: Non-Blocking I/O
 3: Asynchronous I/O (AIO)
 0: 離開程式
請選擇模式：
📦 清除 Page Cache...
use cmd :'[1;33m sync; echo 3 | sudo tee /proc/sys/vm/drop_caches > /dev/null [0m'
🔧 測試模式：Non-Blocking I/O
[Non-Blocking I/O] 執行時間： 0.152148 秒

========== I/O 模式選單 ==========
 1: Blocking I/O
 2: Non-Blocking I/O
 3: Asynchronous I/O (AIO)
 0: 離開程式
請選擇模式：
📦 清除 Page Cache...
use cmd :'[1;33m sync; echo 3 | sudo tee /proc/sys/vm/drop_caches > /dev/null [0m'
請輸入 AIO 並發數量（1~32）：🔧 測試模式：Asynchronous I/O（4 並發）
[AIO（並發數 4）] 執行時間： 0.144028 秒

========== I/O 模式選單 ==========
 1: Blocking I/O
 2: Non-Blocking I/O
 3: Asynchronous I/O (AIO)
 0: 離開程式
請選擇模式：
📦 清除 Page Cache...
use cmd :'[1;33m sync; echo 3 | sudo tee /proc/sys/vm/drop_caches > /dev/null [0m'
請輸入 AIO 並發數量（1~32）：🔧 測試模式：Asynchronous I/O（8 並發）
[AIO（並發數 8）] 執行時間： 0.149158 秒

========== I/O 模式選單 ==========
 1: Blocking I/O
 2: Non-Blocking I/O
 3: Asynchronous I/O (AIO)
 0: 離開程式
請選擇模式：
📦 清除 Page Cache...
use cmd :'[1;33m sync; echo 3 | sudo tee /proc/sys/vm/drop_caches > /dev/null [0m'
請輸入 AIO 並發數量（1~32）：🔧 測試模式：Asynchronous I/O（16 並發）
[AIO（並發數 16）] 執行時間： 0.167978 秒

========== I/O 模式選單 ==========
 1: Blocking I/O
 2: Non-Blocking I/O
 3: Asynchronous I/O (AIO)
 0: 離開程式
請選擇模式：
📦 清除 Page Cache...
use cmd :'[1;33m sync; echo 3 | sudo tee /proc/sys/vm/drop_caches > /dev/null [0m'
請輸入 AIO 並發數量（1~32）：🔧 測試模式：Asynchronous I/O（32 並發）
[AIO（並發數 32）] 執行時間： 0.196544 秒

========== I/O 模式選單 ==========
 1: Blocking I/O
 2: Non-Blocking I/O
 3: Asynchronous I/O (AIO)
 0: 離開程式
請選擇模式：結束測試。
80MB
🗑️ 成功刪除 input.txt 檔案。
是否建立測試檔？(size,MB)：📦 正在產生 input.txt...
use cmd :'[1;33m dd if=/dev/urandom of=input.txt bs=1M count=80 status=none [0m'
✅ 檔案產生完成。

========== I/O 模式選單 ==========
 1: Blocking I/O
 2: Non-Blocking I/O
 3: Asynchronous I/O (AIO)
 0: 離開程式
請選擇模式：
📦 清除 Page Cache...
use cmd :'[1;33m sync; echo 3 | sudo tee /proc/sys/vm/drop_caches > /dev/null [0m'
🔧 測試模式：Blocking I/O
[Blocking I/O] 執行時間： 0.174410 秒

========== I/O 模式選單 ==========
 1: Blocking I/O
 2: Non-Blocking I/O
 3: Asynchronous I/O (AIO)
 0: 離開程式
請選擇模式：
📦 清除 Page Cache...
use cmd :'[1;33m sync; echo 3 | sudo tee /proc/sys/vm/drop_caches > /dev/null [0m'
🔧 測試模式：Non-Blocking I/O
[Non-Blocking I/O] 執行時間： 0.174450 秒

========== I/O 模式選單 ==========
 1: Blocking I/O
 2: Non-Blocking I/O
 3: Asynchronous I/O (AIO)
 0: 離開程式
請選擇模式：
📦 清除 Page Cache...
use cmd :'[1;33m sync; echo 3 | sudo tee /proc/sys/vm/drop_caches > /dev/null [0m'
請輸入 AIO 並發數量（1~32）：🔧 測試模式：Asynchronous I/O（4 並發）
[AIO（並發數 4）] 執行時間： 0.168750 秒

========== I/O 模式選單 ==========
 1: Blocking I/O
 2: Non-Blocking I/O
 3: Asynchronous I/O (AIO)
 0: 離開程式
請選擇模式：
📦 清除 Page Cache...
use cmd :'[1;33m sync; echo 3 | sudo tee /proc/sys/vm/drop_caches > /dev/null [0m'
請輸入 AIO 並發數量（1~32）：🔧 測試模式：Asynchronous I/O（8 並發）
[AIO（並發數 8）] 執行時間： 0.197166 秒

========== I/O 模式選單 ==========
 1: Blocking I/O
 2: Non-Blocking I/O
 3: Asynchronous I/O (AIO)
 0: 離開程式
請選擇模式：
📦 清除 Page Cache...
use cmd :'[1;33m sync; echo 3 | sudo tee /proc/sys/vm/drop_caches > /dev/null [0m'
請輸入 AIO 並發數量（1~32）：🔧 測試模式：Asynchronous I/O（16 並發）
[AIO（並發數 16）] 執行時間： 0.405683 秒

========== I/O 模式選單 ==========
 1: Blocking I/O
 2: Non-Blocking I/O
 3: Asynchronous I/O (AIO)
 0: 離開程式
請選擇模式：
📦 清除 Page Cache...
use cmd :'[1;33m sync; echo 3 | sudo tee /proc/sys/vm/drop_caches > /dev/null [0m'
請輸入 AIO 並發數量（1~32）：🔧 測試模式：Asynchronous I/O（32 並發）
[AIO（並發數 32）] 執行時間： 0.321475 秒

========== I/O 模式選單 ==========
 1: Blocking I/O
 2: Non-Blocking I/O
 3: Asynchronous I/O (AIO)
 0: 離開程式
請選擇模式：結束測試。
90MB
🗑️ 成功刪除 input.txt 檔案。
是否建立測試檔？(size,MB)：📦 正在產生 input.txt...
use cmd :'[1;33m dd if=/dev/urandom of=input.txt bs=1M count=90 status=none [0m'
✅ 檔案產生完成。

========== I/O 模式選單 ==========
 1: Blocking I/O
 2: Non-Blocking I/O
 3: Asynchronous I/O (AIO)
 0: 離開程式
請選擇模式：
📦 清除 Page Cache...
use cmd :'[1;33m sync; echo 3 | sudo tee /proc/sys/vm/drop_caches > /dev/null [0m'
🔧 測試模式：Blocking I/O
[Blocking I/O] 執行時間： 0.382713 秒

========== I/O 模式選單 ==========
 1: Blocking I/O
 2: Non-Blocking I/O
 3: Asynchronous I/O (AIO)
 0: 離開程式
請選擇模式：
📦 清除 Page Cache...
use cmd :'[1;33m sync; echo 3 | sudo tee /proc/sys/vm/drop_caches > /dev/null [0m'
🔧 測試模式：Non-Blocking I/O
[Non-Blocking I/O] 執行時間： 0.375438 秒

========== I/O 模式選單 ==========
 1: Blocking I/O
 2: Non-Blocking I/O
 3: Asynchronous I/O (AIO)
 0: 離開程式
請選擇模式：
📦 清除 Page Cache...
use cmd :'[1;33m sync; echo 3 | sudo tee /proc/sys/vm/drop_caches > /dev/null [0m'
請輸入 AIO 並發數量（1~32）：🔧 測試模式：Asynchronous I/O（4 並發）
[AIO（並發數 4）] 執行時間： 0.350415 秒

========== I/O 模式選單 ==========
 1: Blocking I/O
 2: Non-Blocking I/O
 3: Asynchronous I/O (AIO)
 0: 離開程式
請選擇模式：
📦 清除 Page Cache...
use cmd :'[1;33m sync; echo 3 | sudo tee /proc/sys/vm/drop_caches > /dev/null [0m'
請輸入 AIO 並發數量（1~32）：🔧 測試模式：Asynchronous I/O（8 並發）
[AIO（並發數 8）] 執行時間： 0.407557 秒

========== I/O 模式選單 ==========
 1: Blocking I/O
 2: Non-Blocking I/O
 3: Asynchronous I/O (AIO)
 0: 離開程式
請選擇模式：
📦 清除 Page Cache...
use cmd :'[1;33m sync; echo 3 | sudo tee /proc/sys/vm/drop_caches > /dev/null [0m'
請輸入 AIO 並發數量（1~32）：🔧 測試模式：Asynchronous I/O（16 並發）
[AIO（並發數 16）] 執行時間： 0.392262 秒

========== I/O 模式選單 ==========
 1: Blocking I/O
 2: Non-Blocking I/O
 3: Asynchronous I/O (AIO)
 0: 離開程式
請選擇模式：
📦 清除 Page Cache...
use cmd :'[1;33m sync; echo 3 | sudo tee /proc/sys/vm/drop_caches > /dev/null [0m'
請輸入 AIO 並發數量（1~32）：🔧 測試模式：Asynchronous I/O（32 並發）
[AIO（並發數 32）] 執行時間： 0.383658 秒

========== I/O 模式選單 ==========
 1: Blocking I/O
 2: Non-Blocking I/O
 3: Asynchronous I/O (AIO)
 0: 離開程式
請選擇模式：結束測試。
100MB
🗑️ 成功刪除 input.txt 檔案。
是否建立測試檔？(size,MB)：📦 正在產生 input.txt...
use cmd :'[1;33m dd if=/dev/urandom of=input.txt bs=1M count=100 status=none [0m'
✅ 檔案產生完成。

========== I/O 模式選單 ==========
 1: Blocking I/O
 2: Non-Blocking I/O
 3: Asynchronous I/O (AIO)
 0: 離開程式
請選擇模式：
📦 清除 Page Cache...
use cmd :'[1;33m sync; echo 3 | sudo tee /proc/sys/vm/drop_caches > /dev/null [0m'
🔧 測試模式：Blocking I/O
[Blocking I/O] 執行時間： 0.337326 秒

========== I/O 模式選單 ==========
 1: Blocking I/O
 2: Non-Blocking I/O
 3: Asynchronous I/O (AIO)
 0: 離開程式
請選擇模式：
📦 清除 Page Cache...
use cmd :'[1;33m sync; echo 3 | sudo tee /proc/sys/vm/drop_caches > /dev/null [0m'
🔧 測試模式：Non-Blocking I/O
[Non-Blocking I/O] 執行時間： 0.397815 秒

========== I/O 模式選單 ==========
 1: Blocking I/O
 2: Non-Blocking I/O
 3: Asynchronous I/O (AIO)
 0: 離開程式
請選擇模式：
📦 清除 Page Cache...
use cmd :'[1;33m sync; echo 3 | sudo tee /proc/sys/vm/drop_caches > /dev/null [0m'
請輸入 AIO 並發數量（1~32）：🔧 測試模式：Asynchronous I/O（4 並發）
[AIO（並發數 4）] 執行時間： 0.441951 秒

========== I/O 模式選單 ==========
 1: Blocking I/O
 2: Non-Blocking I/O
 3: Asynchronous I/O (AIO)
 0: 離開程式
請選擇模式：
📦 清除 Page Cache...
use cmd :'[1;33m sync; echo 3 | sudo tee /proc/sys/vm/drop_caches > /dev/null [0m'
請輸入 AIO 並發數量（1~32）：🔧 測試模式：Asynchronous I/O（8 並發）
[AIO（並發數 8）] 執行時間： 0.417645 秒

========== I/O 模式選單 ==========
 1: Blocking I/O
 2: Non-Blocking I/O
 3: Asynchronous I/O (AIO)
 0: 離開程式
請選擇模式：
📦 清除 Page Cache...
use cmd :'[1;33m sync; echo 3 | sudo tee /proc/sys/vm/drop_caches > /dev/null [0m'
請輸入 AIO 並發數量（1~32）：🔧 測試模式：Asynchronous I/O（16 並發）
[AIO（並發數 16）] 執行時間： 0.434251 秒

========== I/O 模式選單 ==========
 1: Blocking I/O
 2: Non-Blocking I/O
 3: Asynchronous I/O (AIO)
 0: 離開程式
請選擇模式：
📦 清除 Page Cache...
use cmd :'[1;33m sync; echo 3 | sudo tee /proc/sys/vm/drop_caches > /dev/null [0m'
請輸入 AIO 並發數量（1~32）：🔧 測試模式：Asynchronous I/O（32 並發）
[AIO（並發數 32）] 執行時間： 0.400104 秒

========== I/O 模式選單 ==========
 1: Blocking I/O
 2: Non-Blocking I/O
 3: Asynchronous I/O (AIO)
 0: 離開程式
請選擇模式：結束測試。
200MB
🗑️ 成功刪除 input.txt 檔案。
是否建立測試檔？(size,MB)：📦 正在產生 input.txt...
use cmd :'[1;33m dd if=/dev/urandom of=input.txt bs=1M count=200 status=none [0m'
✅ 檔案產生完成。

========== I/O 模式選單 ==========
 1: Blocking I/O
 2: Non-Blocking I/O
 3: Asynchronous I/O (AIO)
 0: 離開程式
請選擇模式：
📦 清除 Page Cache...
use cmd :'[1;33m sync; echo 3 | sudo tee /proc/sys/vm/drop_caches > /dev/null [0m'
🔧 測試模式：Blocking I/O
[Blocking I/O] 執行時間： 0.941876 秒

========== I/O 模式選單 ==========
 1: Blocking I/O
 2: Non-Blocking I/O
 3: Asynchronous I/O (AIO)
 0: 離開程式
請選擇模式：
📦 清除 Page Cache...
use cmd :'[1;33m sync; echo 3 | sudo tee /proc/sys/vm/drop_caches > /dev/null [0m'
🔧 測試模式：Non-Blocking I/O
[Non-Blocking I/O] 執行時間： 1.001376 秒

========== I/O 模式選單 ==========
 1: Blocking I/O
 2: Non-Blocking I/O
 3: Asynchronous I/O (AIO)
 0: 離開程式
請選擇模式：
📦 清除 Page Cache...
use cmd :'[1;33m sync; echo 3 | sudo tee /proc/sys/vm/drop_caches > /dev/null [0m'
請輸入 AIO 並發數量（1~32）：🔧 測試模式：Asynchronous I/O（4 並發）
[AIO（並發數 4）] 執行時間： 0.817203 秒

========== I/O 模式選單 ==========
 1: Blocking I/O
 2: Non-Blocking I/O
 3: Asynchronous I/O (AIO)
 0: 離開程式
請選擇模式：
📦 清除 Page Cache...
use cmd :'[1;33m sync; echo 3 | sudo tee /proc/sys/vm/drop_caches > /dev/null [0m'
請輸入 AIO 並發數量（1~32）：🔧 測試模式：Asynchronous I/O（8 並發）
[AIO（並發數 8）] 執行時間： 0.991915 秒

========== I/O 模式選單 ==========
 1: Blocking I/O
 2: Non-Blocking I/O
 3: Asynchronous I/O (AIO)
 0: 離開程式
請選擇模式：
📦 清除 Page Cache...
use cmd :'[1;33m sync; echo 3 | sudo tee /proc/sys/vm/drop_caches > /dev/null [0m'
請輸入 AIO 並發數量（1~32）：🔧 測試模式：Asynchronous I/O（16 並發）
[AIO（並發數 16）] 執行時間： 1.234361 秒

========== I/O 模式選單 ==========
 1: Blocking I/O
 2: Non-Blocking I/O
 3: Asynchronous I/O (AIO)
 0: 離開程式
請選擇模式：
📦 清除 Page Cache...
use cmd :'[1;33m sync; echo 3 | sudo tee /proc/sys/vm/drop_caches > /dev/null [0m'
請輸入 AIO 並發數量（1~32）：🔧 測試模式：Asynchronous I/O（32 並發）
[AIO（並發數 32）] 執行時間： 0.899062 秒

========== I/O 模式選單 ==========
 1: Blocking I/O
 2: Non-Blocking I/O
 3: Asynchronous I/O (AIO)
 0: 離開程式
請選擇模式：結束測試。
300MB
🗑️ 成功刪除 input.txt 檔案。
是否建立測試檔？(size,MB)：📦 正在產生 input.txt...
use cmd :'[1;33m dd if=/dev/urandom of=input.txt bs=1M count=300 status=none [0m'
✅ 檔案產生完成。

========== I/O 模式選單 ==========
 1: Blocking I/O
 2: Non-Blocking I/O
 3: Asynchronous I/O (AIO)
 0: 離開程式
請選擇模式：
📦 清除 Page Cache...
use cmd :'[1;33m sync; echo 3 | sudo tee /proc/sys/vm/drop_caches > /dev/null [0m'
🔧 測試模式：Blocking I/O
[Blocking I/O] 執行時間： 0.994639 秒

========== I/O 模式選單 ==========
 1: Blocking I/O
 2: Non-Blocking I/O
 3: Asynchronous I/O (AIO)
 0: 離開程式
請選擇模式：
📦 清除 Page Cache...
use cmd :'[1;33m sync; echo 3 | sudo tee /proc/sys/vm/drop_caches > /dev/null [0m'
🔧 測試模式：Non-Blocking I/O
[Non-Blocking I/O] 執行時間： 0.667859 秒

========== I/O 模式選單 ==========
 1: Blocking I/O
 2: Non-Blocking I/O
 3: Asynchronous I/O (AIO)
 0: 離開程式
請選擇模式：
📦 清除 Page Cache...
use cmd :'[1;33m sync; echo 3 | sudo tee /proc/sys/vm/drop_caches > /dev/null [0m'
請輸入 AIO 並發數量（1~32）：🔧 測試模式：Asynchronous I/O（4 並發）
[AIO（並發數 4）] 執行時間： 0.688394 秒

========== I/O 模式選單 ==========
 1: Blocking I/O
 2: Non-Blocking I/O
 3: Asynchronous I/O (AIO)
 0: 離開程式
請選擇模式：
📦 清除 Page Cache...
use cmd :'[1;33m sync; echo 3 | sudo tee /proc/sys/vm/drop_caches > /dev/null [0m'
請輸入 AIO 並發數量（1~32）：🔧 測試模式：Asynchronous I/O（8 並發）
[AIO（並發數 8）] 執行時間： 0.661671 秒

========== I/O 模式選單 ==========
 1: Blocking I/O
 2: Non-Blocking I/O
 3: Asynchronous I/O (AIO)
 0: 離開程式
請選擇模式：
📦 清除 Page Cache...
use cmd :'[1;33m sync; echo 3 | sudo tee /proc/sys/vm/drop_caches > /dev/null [0m'
請輸入 AIO 並發數量（1~32）：🔧 測試模式：Asynchronous I/O（16 並發）
[AIO（並發數 16）] 執行時間： 0.658988 秒

========== I/O 模式選單 ==========
 1: Blocking I/O
 2: Non-Blocking I/O
 3: Asynchronous I/O (AIO)
 0: 離開程式
請選擇模式：
📦 清除 Page Cache...
use cmd :'[1;33m sync; echo 3 | sudo tee /proc/sys/vm/drop_caches > /dev/null [0m'
請輸入 AIO 並發數量（1~32）：🔧 測試模式：Asynchronous I/O（32 並發）
[AIO（並發數 32）] 執行時間： 0.665391 秒

========== I/O 模式選單 ==========
 1: Blocking I/O
 2: Non-Blocking I/O
 3: Asynchronous I/O (AIO)
 0: 離開程式
請選擇模式：結束測試。
400MB
🗑️ 成功刪除 input.txt 檔案。
是否建立測試檔？(size,MB)：📦 正在產生 input.txt...
use cmd :'[1;33m dd if=/dev/urandom of=input.txt bs=1M count=400 status=none [0m'
✅ 檔案產生完成。

========== I/O 模式選單 ==========
 1: Blocking I/O
 2: Non-Blocking I/O
 3: Asynchronous I/O (AIO)
 0: 離開程式
請選擇模式：
📦 清除 Page Cache...
use cmd :'[1;33m sync; echo 3 | sudo tee /proc/sys/vm/drop_caches > /dev/null [0m'
🔧 測試模式：Blocking I/O
[Blocking I/O] 執行時間： 1.376169 秒

========== I/O 模式選單 ==========
 1: Blocking I/O
 2: Non-Blocking I/O
 3: Asynchronous I/O (AIO)
 0: 離開程式
請選擇模式：
📦 清除 Page Cache...
use cmd :'[1;33m sync; echo 3 | sudo tee /proc/sys/vm/drop_caches > /dev/null [0m'
🔧 測試模式：Non-Blocking I/O
[Non-Blocking I/O] 執行時間： 1.631396 秒

========== I/O 模式選單 ==========
 1: Blocking I/O
 2: Non-Blocking I/O
 3: Asynchronous I/O (AIO)
 0: 離開程式
請選擇模式：
📦 清除 Page Cache...
use cmd :'[1;33m sync; echo 3 | sudo tee /proc/sys/vm/drop_caches > /dev/null [0m'
請輸入 AIO 並發數量（1~32）：🔧 測試模式：Asynchronous I/O（4 並發）
[AIO（並發數 4）] 執行時間： 1.605285 秒

========== I/O 模式選單 ==========
 1: Blocking I/O
 2: Non-Blocking I/O
 3: Asynchronous I/O (AIO)
 0: 離開程式
請選擇模式：
📦 清除 Page Cache...
use cmd :'[1;33m sync; echo 3 | sudo tee /proc/sys/vm/drop_caches > /dev/null [0m'
請輸入 AIO 並發數量（1~32）：🔧 測試模式：Asynchronous I/O（8 並發）
[AIO（並發數 8）] 執行時間： 1.496341 秒

========== I/O 模式選單 ==========
 1: Blocking I/O
 2: Non-Blocking I/O
 3: Asynchronous I/O (AIO)
 0: 離開程式
請選擇模式：
📦 清除 Page Cache...
use cmd :'[1;33m sync; echo 3 | sudo tee /proc/sys/vm/drop_caches > /dev/null [0m'
請輸入 AIO 並發數量（1~32）：🔧 測試模式：Asynchronous I/O（16 並發）
[AIO（並發數 16）] 執行時間： 1.559772 秒

========== I/O 模式選單 ==========
 1: Blocking I/O
 2: Non-Blocking I/O
 3: Asynchronous I/O (AIO)
 0: 離開程式
請選擇模式：
📦 清除 Page Cache...
use cmd :'[1;33m sync; echo 3 | sudo tee /proc/sys/vm/drop_caches > /dev/null [0m'
請輸入 AIO 並發數量（1~32）：🔧 測試模式：Asynchronous I/O（32 並發）
[AIO（並發數 32）] 執行時間： 1.370858 秒

========== I/O 模式選單 ==========
 1: Blocking I/O
 2: Non-Blocking I/O
 3: Asynchronous I/O (AIO)
 0: 離開程式
請選擇模式：結束測試。
500MB
🗑️ 成功刪除 input.txt 檔案。
是否建立測試檔？(size,MB)：📦 正在產生 input.txt...
use cmd :'[1;33m dd if=/dev/urandom of=input.txt bs=1M count=500 status=none [0m'
✅ 檔案產生完成。

========== I/O 模式選單 ==========
 1: Blocking I/O
 2: Non-Blocking I/O
 3: Asynchronous I/O (AIO)
 0: 離開程式
請選擇模式：
📦 清除 Page Cache...
use cmd :'[1;33m sync; echo 3 | sudo tee /proc/sys/vm/drop_caches > /dev/null [0m'
🔧 測試模式：Blocking I/O
[Blocking I/O] 執行時間： 1.928893 秒

========== I/O 模式選單 ==========
 1: Blocking I/O
 2: Non-Blocking I/O
 3: Asynchronous I/O (AIO)
 0: 離開程式
請選擇模式：
📦 清除 Page Cache...
use cmd :'[1;33m sync; echo 3 | sudo tee /proc/sys/vm/drop_caches > /dev/null [0m'
🔧 測試模式：Non-Blocking I/O
[Non-Blocking I/O] 執行時間： 2.068827 秒

========== I/O 模式選單 ==========
 1: Blocking I/O
 2: Non-Blocking I/O
 3: Asynchronous I/O (AIO)
 0: 離開程式
請選擇模式：
📦 清除 Page Cache...
use cmd :'[1;33m sync; echo 3 | sudo tee /proc/sys/vm/drop_caches > /dev/null [0m'
請輸入 AIO 並發數量（1~32）：🔧 測試模式：Asynchronous I/O（4 並發）
[AIO（並發數 4）] 執行時間： 1.709107 秒

========== I/O 模式選單 ==========
 1: Blocking I/O
 2: Non-Blocking I/O
 3: Asynchronous I/O (AIO)
 0: 離開程式
請選擇模式：
📦 清除 Page Cache...
use cmd :'[1;33m sync; echo 3 | sudo tee /proc/sys/vm/drop_caches > /dev/null [0m'
請輸入 AIO 並發數量（1~32）：🔧 測試模式：Asynchronous I/O（8 並發）
[AIO（並發數 8）] 執行時間： 2.027781 秒

========== I/O 模式選單 ==========
 1: Blocking I/O
 2: Non-Blocking I/O
 3: Asynchronous I/O (AIO)
 0: 離開程式
請選擇模式：
📦 清除 Page Cache...
use cmd :'[1;33m sync; echo 3 | sudo tee /proc/sys/vm/drop_caches > /dev/null [0m'
請輸入 AIO 並發數量（1~32）：🔧 測試模式：Asynchronous I/O（16 並發）
[AIO（並發數 16）] 執行時間： 1.989176 秒

========== I/O 模式選單 ==========
 1: Blocking I/O
 2: Non-Blocking I/O
 3: Asynchronous I/O (AIO)
 0: 離開程式
請選擇模式：
📦 清除 Page Cache...
use cmd :'[1;33m sync; echo 3 | sudo tee /proc/sys/vm/drop_caches > /dev/null [0m'
請輸入 AIO 並發數量（1~32）：🔧 測試模式：Asynchronous I/O（32 並發）
[AIO（並發數 32）] 執行時間： 2.022660 秒

========== I/O 模式選單 ==========
 1: Blocking I/O
 2: Non-Blocking I/O
 3: Asynchronous I/O (AIO)
 0: 離開程式
請選擇模式：結束測試。
600MB
🗑️ 成功刪除 input.txt 檔案。
是否建立測試檔？(size,MB)：📦 正在產生 input.txt...
use cmd :'[1;33m dd if=/dev/urandom of=input.txt bs=1M count=600 status=none [0m'
✅ 檔案產生完成。

========== I/O 模式選單 ==========
 1: Blocking I/O
 2: Non-Blocking I/O
 3: Asynchronous I/O (AIO)
 0: 離開程式
請選擇模式：
📦 清除 Page Cache...
use cmd :'[1;33m sync; echo 3 | sudo tee /proc/sys/vm/drop_caches > /dev/null [0m'
🔧 測試模式：Blocking I/O
[Blocking I/O] 執行時間： 2.262294 秒

========== I/O 模式選單 ==========
 1: Blocking I/O
 2: Non-Blocking I/O
 3: Asynchronous I/O (AIO)
 0: 離開程式
請選擇模式：
📦 清除 Page Cache...
use cmd :'[1;33m sync; echo 3 | sudo tee /proc/sys/vm/drop_caches > /dev/null [0m'
🔧 測試模式：Non-Blocking I/O
[Non-Blocking I/O] 執行時間： 2.452635 秒

========== I/O 模式選單 ==========
 1: Blocking I/O
 2: Non-Blocking I/O
 3: Asynchronous I/O (AIO)
 0: 離開程式
請選擇模式：
📦 清除 Page Cache...
use cmd :'[1;33m sync; echo 3 | sudo tee /proc/sys/vm/drop_caches > /dev/null [0m'
請輸入 AIO 並發數量（1~32）：🔧 測試模式：Asynchronous I/O（4 並發）
[AIO（並發數 4）] 執行時間： 2.319614 秒

========== I/O 模式選單 ==========
 1: Blocking I/O
 2: Non-Blocking I/O
 3: Asynchronous I/O (AIO)
 0: 離開程式
請選擇模式：
📦 清除 Page Cache...
use cmd :'[1;33m sync; echo 3 | sudo tee /proc/sys/vm/drop_caches > /dev/null [0m'
請輸入 AIO 並發數量（1~32）：🔧 測試模式：Asynchronous I/O（8 並發）
[AIO（並發數 8）] 執行時間： 2.358652 秒

========== I/O 模式選單 ==========
 1: Blocking I/O
 2: Non-Blocking I/O
 3: Asynchronous I/O (AIO)
 0: 離開程式
請選擇模式：
📦 清除 Page Cache...
use cmd :'[1;33m sync; echo 3 | sudo tee /proc/sys/vm/drop_caches > /dev/null [0m'
請輸入 AIO 並發數量（1~32）：🔧 測試模式：Asynchronous I/O（16 並發）
[AIO（並發數 16）] 執行時間： 2.349001 秒

========== I/O 模式選單 ==========
 1: Blocking I/O
 2: Non-Blocking I/O
 3: Asynchronous I/O (AIO)
 0: 離開程式
請選擇模式：
📦 清除 Page Cache...
use cmd :'[1;33m sync; echo 3 | sudo tee /proc/sys/vm/drop_caches > /dev/null [0m'
請輸入 AIO 並發數量（1~32）：🔧 測試模式：Asynchronous I/O（32 並發）
[AIO（並發數 32）] 執行時間： 2.338815 秒

========== I/O 模式選單 ==========
 1: Blocking I/O
 2: Non-Blocking I/O
 3: Asynchronous I/O (AIO)
 0: 離開程式
請選擇模式：結束測試。
700MB
🗑️ 成功刪除 input.txt 檔案。
是否建立測試檔？(size,MB)：📦 正在產生 input.txt...
use cmd :'[1;33m dd if=/dev/urandom of=input.txt bs=1M count=700 status=none [0m'
✅ 檔案產生完成。

========== I/O 模式選單 ==========
 1: Blocking I/O
 2: Non-Blocking I/O
 3: Asynchronous I/O (AIO)
 0: 離開程式
請選擇模式：
📦 清除 Page Cache...
use cmd :'[1;33m sync; echo 3 | sudo tee /proc/sys/vm/drop_caches > /dev/null [0m'
🔧 測試模式：Blocking I/O
[Blocking I/O] 執行時間： 2.841951 秒

========== I/O 模式選單 ==========
 1: Blocking I/O
 2: Non-Blocking I/O
 3: Asynchronous I/O (AIO)
 0: 離開程式
請選擇模式：
📦 清除 Page Cache...
use cmd :'[1;33m sync; echo 3 | sudo tee /proc/sys/vm/drop_caches > /dev/null [0m'
🔧 測試模式：Non-Blocking I/O
[Non-Blocking I/O] 執行時間： 2.703738 秒

========== I/O 模式選單 ==========
 1: Blocking I/O
 2: Non-Blocking I/O
 3: Asynchronous I/O (AIO)
 0: 離開程式
請選擇模式：
📦 清除 Page Cache...
use cmd :'[1;33m sync; echo 3 | sudo tee /proc/sys/vm/drop_caches > /dev/null [0m'
請輸入 AIO 並發數量（1~32）：🔧 測試模式：Asynchronous I/O（4 並發）
[AIO（並發數 4）] 執行時間： 2.692618 秒

========== I/O 模式選單 ==========
 1: Blocking I/O
 2: Non-Blocking I/O
 3: Asynchronous I/O (AIO)
 0: 離開程式
請選擇模式：
📦 清除 Page Cache...
use cmd :'[1;33m sync; echo 3 | sudo tee /proc/sys/vm/drop_caches > /dev/null [0m'
請輸入 AIO 並發數量（1~32）：🔧 測試模式：Asynchronous I/O（8 並發）
[AIO（並發數 8）] 執行時間： 2.707216 秒

========== I/O 模式選單 ==========
 1: Blocking I/O
 2: Non-Blocking I/O
 3: Asynchronous I/O (AIO)
 0: 離開程式
請選擇模式：
📦 清除 Page Cache...
use cmd :'[1;33m sync; echo 3 | sudo tee /proc/sys/vm/drop_caches > /dev/null [0m'
請輸入 AIO 並發數量（1~32）：🔧 測試模式：Asynchronous I/O（16 並發）
[AIO（並發數 16）] 執行時間： 2.779264 秒

========== I/O 模式選單 ==========
 1: Blocking I/O
 2: Non-Blocking I/O
 3: Asynchronous I/O (AIO)
 0: 離開程式
請選擇模式：
📦 清除 Page Cache...
use cmd :'[1;33m sync; echo 3 | sudo tee /proc/sys/vm/drop_caches > /dev/null [0m'
請輸入 AIO 並發數量（1~32）：🔧 測試模式：Asynchronous I/O（32 並發）
[AIO（並發數 32）] 執行時間： 2.696335 秒

========== I/O 模式選單 ==========
 1: Blocking I/O
 2: Non-Blocking I/O
 3: Asynchronous I/O (AIO)
 0: 離開程式
請選擇模式：結束測試。
800MB
🗑️ 成功刪除 input.txt 檔案。
是否建立測試檔？(size,MB)：📦 正在產生 input.txt...
use cmd :'[1;33m dd if=/dev/urandom of=input.txt bs=1M count=800 status=none [0m'
✅ 檔案產生完成。

========== I/O 模式選單 ==========
 1: Blocking I/O
 2: Non-Blocking I/O
 3: Asynchronous I/O (AIO)
 0: 離開程式
請選擇模式：
📦 清除 Page Cache...
use cmd :'[1;33m sync; echo 3 | sudo tee /proc/sys/vm/drop_caches > /dev/null [0m'
🔧 測試模式：Blocking I/O
[Blocking I/O] 執行時間： 3.462568 秒

========== I/O 模式選單 ==========
 1: Blocking I/O
 2: Non-Blocking I/O
 3: Asynchronous I/O (AIO)
 0: 離開程式
請選擇模式：
📦 清除 Page Cache...
use cmd :'[1;33m sync; echo 3 | sudo tee /proc/sys/vm/drop_caches > /dev/null [0m'
🔧 測試模式：Non-Blocking I/O
[Non-Blocking I/O] 執行時間： 3.489445 秒

========== I/O 模式選單 ==========
 1: Blocking I/O
 2: Non-Blocking I/O
 3: Asynchronous I/O (AIO)
 0: 離開程式
請選擇模式：
📦 清除 Page Cache...
use cmd :'[1;33m sync; echo 3 | sudo tee /proc/sys/vm/drop_caches > /dev/null [0m'
請輸入 AIO 並發數量（1~32）：🔧 測試模式：Asynchronous I/O（4 並發）
[AIO（並發數 4）] 執行時間： 3.235295 秒

========== I/O 模式選單 ==========
 1: Blocking I/O
 2: Non-Blocking I/O
 3: Asynchronous I/O (AIO)
 0: 離開程式
請選擇模式：
📦 清除 Page Cache...
use cmd :'[1;33m sync; echo 3 | sudo tee /proc/sys/vm/drop_caches > /dev/null [0m'
請輸入 AIO 並發數量（1~32）：🔧 測試模式：Asynchronous I/O（8 並發）
[AIO（並發數 8）] 執行時間： 3.154220 秒

========== I/O 模式選單 ==========
 1: Blocking I/O
 2: Non-Blocking I/O
 3: Asynchronous I/O (AIO)
 0: 離開程式
請選擇模式：
📦 清除 Page Cache...
use cmd :'[1;33m sync; echo 3 | sudo tee /proc/sys/vm/drop_caches > /dev/null [0m'
請輸入 AIO 並發數量（1~32）：🔧 測試模式：Asynchronous I/O（16 並發）
[AIO（並發數 16）] 執行時間： 3.081617 秒

========== I/O 模式選單 ==========
 1: Blocking I/O
 2: Non-Blocking I/O
 3: Asynchronous I/O (AIO)
 0: 離開程式
請選擇模式：
📦 清除 Page Cache...
use cmd :'[1;33m sync; echo 3 | sudo tee /proc/sys/vm/drop_caches > /dev/null [0m'
請輸入 AIO 並發數量（1~32）：🔧 測試模式：Asynchronous I/O（32 並發）
[AIO（並發數 32）] 執行時間： 3.190751 秒

========== I/O 模式選單 ==========
 1: Blocking I/O
 2: Non-Blocking I/O
 3: Asynchronous I/O (AIO)
 0: 離開程式
請選擇模式：結束測試。
900MB
🗑️ 成功刪除 input.txt 檔案。
是否建立測試檔？(size,MB)：📦 正在產生 input.txt...
use cmd :'[1;33m dd if=/dev/urandom of=input.txt bs=1M count=900 status=none [0m'
✅ 檔案產生完成。

========== I/O 模式選單 ==========
 1: Blocking I/O
 2: Non-Blocking I/O
 3: Asynchronous I/O (AIO)
 0: 離開程式
請選擇模式：
📦 清除 Page Cache...
use cmd :'[1;33m sync; echo 3 | sudo tee /proc/sys/vm/drop_caches > /dev/null [0m'
🔧 測試模式：Blocking I/O
[Blocking I/O] 執行時間： 3.743126 秒

========== I/O 模式選單 ==========
 1: Blocking I/O
 2: Non-Blocking I/O
 3: Asynchronous I/O (AIO)
 0: 離開程式
請選擇模式：
📦 清除 Page Cache...
use cmd :'[1;33m sync; echo 3 | sudo tee /proc/sys/vm/drop_caches > /dev/null [0m'
🔧 測試模式：Non-Blocking I/O
[Non-Blocking I/O] 執行時間： 3.872295 秒

========== I/O 模式選單 ==========
 1: Blocking I/O
 2: Non-Blocking I/O
 3: Asynchronous I/O (AIO)
 0: 離開程式
請選擇模式：
📦 清除 Page Cache...
use cmd :'[1;33m sync; echo 3 | sudo tee /proc/sys/vm/drop_caches > /dev/null [0m'
請輸入 AIO 並發數量（1~32）：🔧 測試模式：Asynchronous I/O（4 並發）
[AIO（並發數 4）] 執行時間： 3.512648 秒

========== I/O 模式選單 ==========
 1: Blocking I/O
 2: Non-Blocking I/O
 3: Asynchronous I/O (AIO)
 0: 離開程式
請選擇模式：
📦 清除 Page Cache...
use cmd :'[1;33m sync; echo 3 | sudo tee /proc/sys/vm/drop_caches > /dev/null [0m'
請輸入 AIO 並發數量（1~32）：🔧 測試模式：Asynchronous I/O（8 並發）
[AIO（並發數 8）] 執行時間： 3.381475 秒

========== I/O 模式選單 ==========
 1: Blocking I/O
 2: Non-Blocking I/O
 3: Asynchronous I/O (AIO)
 0: 離開程式
請選擇模式：
📦 清除 Page Cache...
use cmd :'[1;33m sync; echo 3 | sudo tee /proc/sys/vm/drop_caches > /dev/null [0m'
請輸入 AIO 並發數量（1~32）：🔧 測試模式：Asynchronous I/O（16 並發）
[AIO（並發數 16）] 執行時間： 3.586347 秒

========== I/O 模式選單 ==========
 1: Blocking I/O
 2: Non-Blocking I/O
 3: Asynchronous I/O (AIO)
 0: 離開程式
請選擇模式：
📦 清除 Page Cache...
use cmd :'[1;33m sync; echo 3 | sudo tee /proc/sys/vm/drop_caches > /dev/null [0m'
請輸入 AIO 並發數量（1~32）：🔧 測試模式：Asynchronous I/O（32 並發）
[AIO（並發數 32）] 執行時間： 3.589367 秒

========== I/O 模式選單 ==========
 1: Blocking I/O
 2: Non-Blocking I/O
 3: Asynchronous I/O (AIO)
 0: 離開程式
請選擇模式：結束測試。
1000MB
🗑️ 成功刪除 input.txt 檔案。
是否建立測試檔？(size,MB)：📦 正在產生 input.txt...
use cmd :'[1;33m dd if=/dev/urandom of=input.txt bs=1M count=1000 status=none [0m'
✅ 檔案產生完成。

========== I/O 模式選單 ==========
 1: Blocking I/O
 2: Non-Blocking I/O
 3: Asynchronous I/O (AIO)
 0: 離開程式
請選擇模式：
📦 清除 Page Cache...
use cmd :'[1;33m sync; echo 3 | sudo tee /proc/sys/vm/drop_caches > /dev/null [0m'
🔧 測試模式：Blocking I/O
[Blocking I/O] 執行時間： 4.068934 秒

========== I/O 模式選單 ==========
 1: Blocking I/O
 2: Non-Blocking I/O
 3: Asynchronous I/O (AIO)
 0: 離開程式
請選擇模式：
📦 清除 Page Cache...
use cmd :'[1;33m sync; echo 3 | sudo tee /proc/sys/vm/drop_caches > /dev/null [0m'
🔧 測試模式：Non-Blocking I/O
[Non-Blocking I/O] 執行時間： 4.209998 秒

========== I/O 模式選單 ==========
 1: Blocking I/O
 2: Non-Blocking I/O
 3: Asynchronous I/O (AIO)
 0: 離開程式
請選擇模式：
📦 清除 Page Cache...
use cmd :'[1;33m sync; echo 3 | sudo tee /proc/sys/vm/drop_caches > /dev/null [0m'
請輸入 AIO 並發數量（1~32）：🔧 測試模式：Asynchronous I/O（4 並發）
[AIO（並發數 4）] 執行時間： 4.076795 秒

========== I/O 模式選單 ==========
 1: Blocking I/O
 2: Non-Blocking I/O
 3: Asynchronous I/O (AIO)
 0: 離開程式
請選擇模式：
📦 清除 Page Cache...
use cmd :'[1;33m sync; echo 3 | sudo tee /proc/sys/vm/drop_caches > /dev/null [0m'
請輸入 AIO 並發數量（1~32）：🔧 測試模式：Asynchronous I/O（8 並發）
[AIO（並發數 8）] 執行時間： 3.784439 秒

========== I/O 模式選單 ==========
 1: Blocking I/O
 2: Non-Blocking I/O
 3: Asynchronous I/O (AIO)
 0: 離開程式
請選擇模式：
📦 清除 Page Cache...
use cmd :'[1;33m sync; echo 3 | sudo tee /proc/sys/vm/drop_caches > /dev/null [0m'
請輸入 AIO 並發數量（1~32）：🔧 測試模式：Asynchronous I/O（16 並發）
[AIO（並發數 16）] 執行時間： 3.929019 秒

========== I/O 模式選單 ==========
 1: Blocking I/O
 2: Non-Blocking I/O
 3: Asynchronous I/O (AIO)
 0: 離開程式
請選擇模式：
📦 清除 Page Cache...
use cmd :'[1;33m sync; echo 3 | sudo tee /proc/sys/vm/drop_caches > /dev/null [0m'
請輸入 AIO 並發數量（1~32）：🔧 測試模式：Asynchronous I/O（32 並發）
[AIO（並發數 32）] 執行時間： 3.578956 秒

========== I/O 模式選單 ==========
 1: Blocking I/O
 2: Non-Blocking I/O
 3: Asynchronous I/O (AIO)
 0: 離開程式
請選擇模式：結束測試。
