10MB
🗑️ 成功刪除 input.txt 檔案。
是否建立測試檔？(size,MB)：📦 正在產生 input.txt...
use cmd :'[1;33m dd if=/dev/urandom of=input.txt bs=1M count=10 status=none [0m'
✅ 檔案產生完成。

========== I/O 模式選單 ==========
 1: Blocking I/O
 2: Asynchronous I/O (AIO)
 3: Blocking I/O + Matrix 計算
 4: AIO (Polling+concurrency) + Matrix 計算
 5: AIO (Polling) + Matrix 計算
 0: 離開程式
請選擇模式：📦 清除 Page Cache...
use cmd :'[1;33msync; echo 3 | sudo tee /proc/sys/vm/drop_caches > /dev/null[0m'
🔧 測試模式：Blocking I/O + Matrix
⚙️ 執行矩陣運算...
[Blocking + Matrix] 執行時間：0.650576 秒

========== I/O 模式選單 ==========
 1: Blocking I/O
 2: Asynchronous I/O (AIO)
 3: Blocking I/O + Matrix 計算
 4: AIO (Polling+concurrency) + Matrix 計算
 5: AIO (Polling) + Matrix 計算
 0: 離開程式
請選擇模式：📦 清除 Page Cache...
use cmd :'[1;33msync; echo 3 | sudo tee /proc/sys/vm/drop_caches > /dev/null[0m'
請輸入 AIO 並發數量（目前範例忽略並發，固定為單一區塊）：🔧 測試模式：AIO(concurrency) + Matrix 運算
⚙️ 執行矩陣運算...
concurrency[AIO + Matrix] 執行時間：0.623615 秒

========== I/O 模式選單 ==========
 1: Blocking I/O
 2: Asynchronous I/O (AIO)
 3: Blocking I/O + Matrix 計算
 4: AIO (Polling+concurrency) + Matrix 計算
 5: AIO (Polling) + Matrix 計算
 0: 離開程式
請選擇模式：📦 清除 Page Cache...
use cmd :'[1;33msync; echo 3 | sudo tee /proc/sys/vm/drop_caches > /dev/null[0m'
請輸入 AIO 並發數量（目前範例忽略並發，固定為單一區塊）：🔧 測試模式：AIO(concurrency) + Matrix 運算
⚙️ 執行矩陣運算...
concurrency[AIO + Matrix] 執行時間：0.597760 秒

========== I/O 模式選單 ==========
 1: Blocking I/O
 2: Asynchronous I/O (AIO)
 3: Blocking I/O + Matrix 計算
 4: AIO (Polling+concurrency) + Matrix 計算
 5: AIO (Polling) + Matrix 計算
 0: 離開程式
請選擇模式：📦 清除 Page Cache...
use cmd :'[1;33msync; echo 3 | sudo tee /proc/sys/vm/drop_caches > /dev/null[0m'
請輸入 AIO 並發數量（目前範例忽略並發，固定為單一區塊）：🔧 測試模式：AIO(concurrency) + Matrix 運算
⚙️ 執行矩陣運算...
concurrency[AIO + Matrix] 執行時間：0.610738 秒

========== I/O 模式選單 ==========
 1: Blocking I/O
 2: Asynchronous I/O (AIO)
 3: Blocking I/O + Matrix 計算
 4: AIO (Polling+concurrency) + Matrix 計算
 5: AIO (Polling) + Matrix 計算
 0: 離開程式
請選擇模式：📦 清除 Page Cache...
use cmd :'[1;33msync; echo 3 | sudo tee /proc/sys/vm/drop_caches > /dev/null[0m'
請輸入 AIO 並發數量（目前範例忽略並發，固定為單一區塊）：🔧 測試模式：AIO(concurrency) + Matrix 運算
⚙️ 執行矩陣運算...
concurrency[AIO + Matrix] 執行時間：0.572586 秒

========== I/O 模式選單 ==========
 1: Blocking I/O
 2: Asynchronous I/O (AIO)
 3: Blocking I/O + Matrix 計算
 4: AIO (Polling+concurrency) + Matrix 計算
 5: AIO (Polling) + Matrix 計算
 0: 離開程式
請選擇模式：📦 清除 Page Cache...
use cmd :'[1;33msync; echo 3 | sudo tee /proc/sys/vm/drop_caches > /dev/null[0m'
🔧 測試模式：AIO + Matrix 運算
⚙️ 執行矩陣運算...
[AIO + Matrix] 執行時間：0.571821 秒

========== I/O 模式選單 ==========
 1: Blocking I/O
 2: Asynchronous I/O (AIO)
 3: Blocking I/O + Matrix 計算
 4: AIO (Polling+concurrency) + Matrix 計算
 5: AIO (Polling) + Matrix 計算
 0: 離開程式
請選擇模式：結束測試。
20MB
🗑️ 成功刪除 input.txt 檔案。
是否建立測試檔？(size,MB)：📦 正在產生 input.txt...
use cmd :'[1;33m dd if=/dev/urandom of=input.txt bs=1M count=20 status=none [0m'
✅ 檔案產生完成。

========== I/O 模式選單 ==========
 1: Blocking I/O
 2: Asynchronous I/O (AIO)
 3: Blocking I/O + Matrix 計算
 4: AIO (Polling+concurrency) + Matrix 計算
 5: AIO (Polling) + Matrix 計算
 0: 離開程式
請選擇模式：📦 清除 Page Cache...
use cmd :'[1;33msync; echo 3 | sudo tee /proc/sys/vm/drop_caches > /dev/null[0m'
🔧 測試模式：Blocking I/O + Matrix
⚙️ 執行矩陣運算...
[Blocking + Matrix] 執行時間：0.658612 秒

========== I/O 模式選單 ==========
 1: Blocking I/O
 2: Asynchronous I/O (AIO)
 3: Blocking I/O + Matrix 計算
 4: AIO (Polling+concurrency) + Matrix 計算
 5: AIO (Polling) + Matrix 計算
 0: 離開程式
請選擇模式：📦 清除 Page Cache...
use cmd :'[1;33msync; echo 3 | sudo tee /proc/sys/vm/drop_caches > /dev/null[0m'
請輸入 AIO 並發數量（目前範例忽略並發，固定為單一區塊）：🔧 測試模式：AIO(concurrency) + Matrix 運算
⚙️ 執行矩陣運算...
concurrency[AIO + Matrix] 執行時間：0.651650 秒

========== I/O 模式選單 ==========
 1: Blocking I/O
 2: Asynchronous I/O (AIO)
 3: Blocking I/O + Matrix 計算
 4: AIO (Polling+concurrency) + Matrix 計算
 5: AIO (Polling) + Matrix 計算
 0: 離開程式
請選擇模式：📦 清除 Page Cache...
use cmd :'[1;33msync; echo 3 | sudo tee /proc/sys/vm/drop_caches > /dev/null[0m'
請輸入 AIO 並發數量（目前範例忽略並發，固定為單一區塊）：🔧 測試模式：AIO(concurrency) + Matrix 運算
⚙️ 執行矩陣運算...
concurrency[AIO + Matrix] 執行時間：0.786703 秒

========== I/O 模式選單 ==========
 1: Blocking I/O
 2: Asynchronous I/O (AIO)
 3: Blocking I/O + Matrix 計算
 4: AIO (Polling+concurrency) + Matrix 計算
 5: AIO (Polling) + Matrix 計算
 0: 離開程式
請選擇模式：📦 清除 Page Cache...
use cmd :'[1;33msync; echo 3 | sudo tee /proc/sys/vm/drop_caches > /dev/null[0m'
請輸入 AIO 並發數量（目前範例忽略並發，固定為單一區塊）：🔧 測試模式：AIO(concurrency) + Matrix 運算
⚙️ 執行矩陣運算...
concurrency[AIO + Matrix] 執行時間：0.689273 秒

========== I/O 模式選單 ==========
 1: Blocking I/O
 2: Asynchronous I/O (AIO)
 3: Blocking I/O + Matrix 計算
 4: AIO (Polling+concurrency) + Matrix 計算
 5: AIO (Polling) + Matrix 計算
 0: 離開程式
請選擇模式：📦 清除 Page Cache...
use cmd :'[1;33msync; echo 3 | sudo tee /proc/sys/vm/drop_caches > /dev/null[0m'
請輸入 AIO 並發數量（目前範例忽略並發，固定為單一區塊）：🔧 測試模式：AIO(concurrency) + Matrix 運算
⚙️ 執行矩陣運算...
concurrency[AIO + Matrix] 執行時間：0.662525 秒

========== I/O 模式選單 ==========
 1: Blocking I/O
 2: Asynchronous I/O (AIO)
 3: Blocking I/O + Matrix 計算
 4: AIO (Polling+concurrency) + Matrix 計算
 5: AIO (Polling) + Matrix 計算
 0: 離開程式
請選擇模式：📦 清除 Page Cache...
use cmd :'[1;33msync; echo 3 | sudo tee /proc/sys/vm/drop_caches > /dev/null[0m'
🔧 測試模式：AIO + Matrix 運算
⚙️ 執行矩陣運算...
[AIO + Matrix] 執行時間：0.595743 秒

========== I/O 模式選單 ==========
 1: Blocking I/O
 2: Asynchronous I/O (AIO)
 3: Blocking I/O + Matrix 計算
 4: AIO (Polling+concurrency) + Matrix 計算
 5: AIO (Polling) + Matrix 計算
 0: 離開程式
請選擇模式：結束測試。
30MB
🗑️ 成功刪除 input.txt 檔案。
是否建立測試檔？(size,MB)：📦 正在產生 input.txt...
use cmd :'[1;33m dd if=/dev/urandom of=input.txt bs=1M count=30 status=none [0m'
✅ 檔案產生完成。

========== I/O 模式選單 ==========
 1: Blocking I/O
 2: Asynchronous I/O (AIO)
 3: Blocking I/O + Matrix 計算
 4: AIO (Polling+concurrency) + Matrix 計算
 5: AIO (Polling) + Matrix 計算
 0: 離開程式
請選擇模式：📦 清除 Page Cache...
use cmd :'[1;33msync; echo 3 | sudo tee /proc/sys/vm/drop_caches > /dev/null[0m'
🔧 測試模式：Blocking I/O + Matrix
⚙️ 執行矩陣運算...
[Blocking + Matrix] 執行時間：0.660754 秒

========== I/O 模式選單 ==========
 1: Blocking I/O
 2: Asynchronous I/O (AIO)
 3: Blocking I/O + Matrix 計算
 4: AIO (Polling+concurrency) + Matrix 計算
 5: AIO (Polling) + Matrix 計算
 0: 離開程式
請選擇模式：📦 清除 Page Cache...
use cmd :'[1;33msync; echo 3 | sudo tee /proc/sys/vm/drop_caches > /dev/null[0m'
請輸入 AIO 並發數量（目前範例忽略並發，固定為單一區塊）：🔧 測試模式：AIO(concurrency) + Matrix 運算
⚙️ 執行矩陣運算...
concurrency[AIO + Matrix] 執行時間：0.671897 秒

========== I/O 模式選單 ==========
 1: Blocking I/O
 2: Asynchronous I/O (AIO)
 3: Blocking I/O + Matrix 計算
 4: AIO (Polling+concurrency) + Matrix 計算
 5: AIO (Polling) + Matrix 計算
 0: 離開程式
請選擇模式：📦 清除 Page Cache...
use cmd :'[1;33msync; echo 3 | sudo tee /proc/sys/vm/drop_caches > /dev/null[0m'
請輸入 AIO 並發數量（目前範例忽略並發，固定為單一區塊）：🔧 測試模式：AIO(concurrency) + Matrix 運算
⚙️ 執行矩陣運算...
concurrency[AIO + Matrix] 執行時間：0.783452 秒

========== I/O 模式選單 ==========
 1: Blocking I/O
 2: Asynchronous I/O (AIO)
 3: Blocking I/O + Matrix 計算
 4: AIO (Polling+concurrency) + Matrix 計算
 5: AIO (Polling) + Matrix 計算
 0: 離開程式
請選擇模式：📦 清除 Page Cache...
use cmd :'[1;33msync; echo 3 | sudo tee /proc/sys/vm/drop_caches > /dev/null[0m'
請輸入 AIO 並發數量（目前範例忽略並發，固定為單一區塊）：🔧 測試模式：AIO(concurrency) + Matrix 運算
⚙️ 執行矩陣運算...
concurrency[AIO + Matrix] 執行時間：0.633881 秒

========== I/O 模式選單 ==========
 1: Blocking I/O
 2: Asynchronous I/O (AIO)
 3: Blocking I/O + Matrix 計算
 4: AIO (Polling+concurrency) + Matrix 計算
 5: AIO (Polling) + Matrix 計算
 0: 離開程式
請選擇模式：📦 清除 Page Cache...
use cmd :'[1;33msync; echo 3 | sudo tee /proc/sys/vm/drop_caches > /dev/null[0m'
請輸入 AIO 並發數量（目前範例忽略並發，固定為單一區塊）：🔧 測試模式：AIO(concurrency) + Matrix 運算
⚙️ 執行矩陣運算...
concurrency[AIO + Matrix] 執行時間：0.597880 秒

========== I/O 模式選單 ==========
 1: Blocking I/O
 2: Asynchronous I/O (AIO)
 3: Blocking I/O + Matrix 計算
 4: AIO (Polling+concurrency) + Matrix 計算
 5: AIO (Polling) + Matrix 計算
 0: 離開程式
請選擇模式：📦 清除 Page Cache...
use cmd :'[1;33msync; echo 3 | sudo tee /proc/sys/vm/drop_caches > /dev/null[0m'
🔧 測試模式：AIO + Matrix 運算
⚙️ 執行矩陣運算...
[AIO + Matrix] 執行時間：0.685839 秒

========== I/O 模式選單 ==========
 1: Blocking I/O
 2: Asynchronous I/O (AIO)
 3: Blocking I/O + Matrix 計算
 4: AIO (Polling+concurrency) + Matrix 計算
 5: AIO (Polling) + Matrix 計算
 0: 離開程式
請選擇模式：結束測試。
40MB
🗑️ 成功刪除 input.txt 檔案。
是否建立測試檔？(size,MB)：📦 正在產生 input.txt...
use cmd :'[1;33m dd if=/dev/urandom of=input.txt bs=1M count=40 status=none [0m'
✅ 檔案產生完成。

========== I/O 模式選單 ==========
 1: Blocking I/O
 2: Asynchronous I/O (AIO)
 3: Blocking I/O + Matrix 計算
 4: AIO (Polling+concurrency) + Matrix 計算
 5: AIO (Polling) + Matrix 計算
 0: 離開程式
請選擇模式：📦 清除 Page Cache...
use cmd :'[1;33msync; echo 3 | sudo tee /proc/sys/vm/drop_caches > /dev/null[0m'
🔧 測試模式：Blocking I/O + Matrix
⚙️ 執行矩陣運算...
[Blocking + Matrix] 執行時間：0.866945 秒

========== I/O 模式選單 ==========
 1: Blocking I/O
 2: Asynchronous I/O (AIO)
 3: Blocking I/O + Matrix 計算
 4: AIO (Polling+concurrency) + Matrix 計算
 5: AIO (Polling) + Matrix 計算
 0: 離開程式
請選擇模式：📦 清除 Page Cache...
use cmd :'[1;33msync; echo 3 | sudo tee /proc/sys/vm/drop_caches > /dev/null[0m'
請輸入 AIO 並發數量（目前範例忽略並發，固定為單一區塊）：🔧 測試模式：AIO(concurrency) + Matrix 運算
⚙️ 執行矩陣運算...
concurrency[AIO + Matrix] 執行時間：0.638289 秒

========== I/O 模式選單 ==========
 1: Blocking I/O
 2: Asynchronous I/O (AIO)
 3: Blocking I/O + Matrix 計算
 4: AIO (Polling+concurrency) + Matrix 計算
 5: AIO (Polling) + Matrix 計算
 0: 離開程式
請選擇模式：📦 清除 Page Cache...
use cmd :'[1;33msync; echo 3 | sudo tee /proc/sys/vm/drop_caches > /dev/null[0m'
請輸入 AIO 並發數量（目前範例忽略並發，固定為單一區塊）：🔧 測試模式：AIO(concurrency) + Matrix 運算
⚙️ 執行矩陣運算...
concurrency[AIO + Matrix] 執行時間：0.730856 秒

========== I/O 模式選單 ==========
 1: Blocking I/O
 2: Asynchronous I/O (AIO)
 3: Blocking I/O + Matrix 計算
 4: AIO (Polling+concurrency) + Matrix 計算
 5: AIO (Polling) + Matrix 計算
 0: 離開程式
請選擇模式：📦 清除 Page Cache...
use cmd :'[1;33msync; echo 3 | sudo tee /proc/sys/vm/drop_caches > /dev/null[0m'
請輸入 AIO 並發數量（目前範例忽略並發，固定為單一區塊）：🔧 測試模式：AIO(concurrency) + Matrix 運算
⚙️ 執行矩陣運算...
concurrency[AIO + Matrix] 執行時間：0.766117 秒

========== I/O 模式選單 ==========
 1: Blocking I/O
 2: Asynchronous I/O (AIO)
 3: Blocking I/O + Matrix 計算
 4: AIO (Polling+concurrency) + Matrix 計算
 5: AIO (Polling) + Matrix 計算
 0: 離開程式
請選擇模式：📦 清除 Page Cache...
use cmd :'[1;33msync; echo 3 | sudo tee /proc/sys/vm/drop_caches > /dev/null[0m'
請輸入 AIO 並發數量（目前範例忽略並發，固定為單一區塊）：🔧 測試模式：AIO(concurrency) + Matrix 運算
⚙️ 執行矩陣運算...
concurrency[AIO + Matrix] 執行時間：0.704787 秒

========== I/O 模式選單 ==========
 1: Blocking I/O
 2: Asynchronous I/O (AIO)
 3: Blocking I/O + Matrix 計算
 4: AIO (Polling+concurrency) + Matrix 計算
 5: AIO (Polling) + Matrix 計算
 0: 離開程式
請選擇模式：📦 清除 Page Cache...
use cmd :'[1;33msync; echo 3 | sudo tee /proc/sys/vm/drop_caches > /dev/null[0m'
🔧 測試模式：AIO + Matrix 運算
⚙️ 執行矩陣運算...
[AIO + Matrix] 執行時間：0.564498 秒

========== I/O 模式選單 ==========
 1: Blocking I/O
 2: Asynchronous I/O (AIO)
 3: Blocking I/O + Matrix 計算
 4: AIO (Polling+concurrency) + Matrix 計算
 5: AIO (Polling) + Matrix 計算
 0: 離開程式
請選擇模式：結束測試。
50MB
🗑️ 成功刪除 input.txt 檔案。
是否建立測試檔？(size,MB)：📦 正在產生 input.txt...
use cmd :'[1;33m dd if=/dev/urandom of=input.txt bs=1M count=50 status=none [0m'
✅ 檔案產生完成。

========== I/O 模式選單 ==========
 1: Blocking I/O
 2: Asynchronous I/O (AIO)
 3: Blocking I/O + Matrix 計算
 4: AIO (Polling+concurrency) + Matrix 計算
 5: AIO (Polling) + Matrix 計算
 0: 離開程式
請選擇模式：📦 清除 Page Cache...
use cmd :'[1;33msync; echo 3 | sudo tee /proc/sys/vm/drop_caches > /dev/null[0m'
🔧 測試模式：Blocking I/O + Matrix
⚙️ 執行矩陣運算...
[Blocking + Matrix] 執行時間：0.759777 秒

========== I/O 模式選單 ==========
 1: Blocking I/O
 2: Asynchronous I/O (AIO)
 3: Blocking I/O + Matrix 計算
 4: AIO (Polling+concurrency) + Matrix 計算
 5: AIO (Polling) + Matrix 計算
 0: 離開程式
請選擇模式：📦 清除 Page Cache...
use cmd :'[1;33msync; echo 3 | sudo tee /proc/sys/vm/drop_caches > /dev/null[0m'
請輸入 AIO 並發數量（目前範例忽略並發，固定為單一區塊）：🔧 測試模式：AIO(concurrency) + Matrix 運算
⚙️ 執行矩陣運算...
concurrency[AIO + Matrix] 執行時間：0.713811 秒

========== I/O 模式選單 ==========
 1: Blocking I/O
 2: Asynchronous I/O (AIO)
 3: Blocking I/O + Matrix 計算
 4: AIO (Polling+concurrency) + Matrix 計算
 5: AIO (Polling) + Matrix 計算
 0: 離開程式
請選擇模式：📦 清除 Page Cache...
use cmd :'[1;33msync; echo 3 | sudo tee /proc/sys/vm/drop_caches > /dev/null[0m'
請輸入 AIO 並發數量（目前範例忽略並發，固定為單一區塊）：🔧 測試模式：AIO(concurrency) + Matrix 運算
⚙️ 執行矩陣運算...
concurrency[AIO + Matrix] 執行時間：0.633554 秒

========== I/O 模式選單 ==========
 1: Blocking I/O
 2: Asynchronous I/O (AIO)
 3: Blocking I/O + Matrix 計算
 4: AIO (Polling+concurrency) + Matrix 計算
 5: AIO (Polling) + Matrix 計算
 0: 離開程式
請選擇模式：📦 清除 Page Cache...
use cmd :'[1;33msync; echo 3 | sudo tee /proc/sys/vm/drop_caches > /dev/null[0m'
請輸入 AIO 並發數量（目前範例忽略並發，固定為單一區塊）：🔧 測試模式：AIO(concurrency) + Matrix 運算
⚙️ 執行矩陣運算...
concurrency[AIO + Matrix] 執行時間：0.778206 秒

========== I/O 模式選單 ==========
 1: Blocking I/O
 2: Asynchronous I/O (AIO)
 3: Blocking I/O + Matrix 計算
 4: AIO (Polling+concurrency) + Matrix 計算
 5: AIO (Polling) + Matrix 計算
 0: 離開程式
請選擇模式：📦 清除 Page Cache...
use cmd :'[1;33msync; echo 3 | sudo tee /proc/sys/vm/drop_caches > /dev/null[0m'
請輸入 AIO 並發數量（目前範例忽略並發，固定為單一區塊）：🔧 測試模式：AIO(concurrency) + Matrix 運算
⚙️ 執行矩陣運算...
concurrency[AIO + Matrix] 執行時間：0.637710 秒

========== I/O 模式選單 ==========
 1: Blocking I/O
 2: Asynchronous I/O (AIO)
 3: Blocking I/O + Matrix 計算
 4: AIO (Polling+concurrency) + Matrix 計算
 5: AIO (Polling) + Matrix 計算
 0: 離開程式
請選擇模式：📦 清除 Page Cache...
use cmd :'[1;33msync; echo 3 | sudo tee /proc/sys/vm/drop_caches > /dev/null[0m'
🔧 測試模式：AIO + Matrix 運算
⚙️ 執行矩陣運算...
[AIO + Matrix] 執行時間：0.579468 秒

========== I/O 模式選單 ==========
 1: Blocking I/O
 2: Asynchronous I/O (AIO)
 3: Blocking I/O + Matrix 計算
 4: AIO (Polling+concurrency) + Matrix 計算
 5: AIO (Polling) + Matrix 計算
 0: 離開程式
請選擇模式：結束測試。
60MB
🗑️ 成功刪除 input.txt 檔案。
是否建立測試檔？(size,MB)：📦 正在產生 input.txt...
use cmd :'[1;33m dd if=/dev/urandom of=input.txt bs=1M count=60 status=none [0m'
✅ 檔案產生完成。

========== I/O 模式選單 ==========
 1: Blocking I/O
 2: Asynchronous I/O (AIO)
 3: Blocking I/O + Matrix 計算
 4: AIO (Polling+concurrency) + Matrix 計算
 5: AIO (Polling) + Matrix 計算
 0: 離開程式
請選擇模式：📦 清除 Page Cache...
use cmd :'[1;33msync; echo 3 | sudo tee /proc/sys/vm/drop_caches > /dev/null[0m'
🔧 測試模式：Blocking I/O + Matrix
⚙️ 執行矩陣運算...
[Blocking + Matrix] 執行時間：0.739282 秒

========== I/O 模式選單 ==========
 1: Blocking I/O
 2: Asynchronous I/O (AIO)
 3: Blocking I/O + Matrix 計算
 4: AIO (Polling+concurrency) + Matrix 計算
 5: AIO (Polling) + Matrix 計算
 0: 離開程式
請選擇模式：📦 清除 Page Cache...
use cmd :'[1;33msync; echo 3 | sudo tee /proc/sys/vm/drop_caches > /dev/null[0m'
請輸入 AIO 並發數量（目前範例忽略並發，固定為單一區塊）：🔧 測試模式：AIO(concurrency) + Matrix 運算
⚙️ 執行矩陣運算...
concurrency[AIO + Matrix] 執行時間：0.711744 秒

========== I/O 模式選單 ==========
 1: Blocking I/O
 2: Asynchronous I/O (AIO)
 3: Blocking I/O + Matrix 計算
 4: AIO (Polling+concurrency) + Matrix 計算
 5: AIO (Polling) + Matrix 計算
 0: 離開程式
請選擇模式：📦 清除 Page Cache...
use cmd :'[1;33msync; echo 3 | sudo tee /proc/sys/vm/drop_caches > /dev/null[0m'
請輸入 AIO 並發數量（目前範例忽略並發，固定為單一區塊）：🔧 測試模式：AIO(concurrency) + Matrix 運算
⚙️ 執行矩陣運算...
concurrency[AIO + Matrix] 執行時間：0.708866 秒

========== I/O 模式選單 ==========
 1: Blocking I/O
 2: Asynchronous I/O (AIO)
 3: Blocking I/O + Matrix 計算
 4: AIO (Polling+concurrency) + Matrix 計算
 5: AIO (Polling) + Matrix 計算
 0: 離開程式
請選擇模式：📦 清除 Page Cache...
use cmd :'[1;33msync; echo 3 | sudo tee /proc/sys/vm/drop_caches > /dev/null[0m'
請輸入 AIO 並發數量（目前範例忽略並發，固定為單一區塊）：🔧 測試模式：AIO(concurrency) + Matrix 運算
⚙️ 執行矩陣運算...
concurrency[AIO + Matrix] 執行時間：0.667530 秒

========== I/O 模式選單 ==========
 1: Blocking I/O
 2: Asynchronous I/O (AIO)
 3: Blocking I/O + Matrix 計算
 4: AIO (Polling+concurrency) + Matrix 計算
 5: AIO (Polling) + Matrix 計算
 0: 離開程式
請選擇模式：📦 清除 Page Cache...
use cmd :'[1;33msync; echo 3 | sudo tee /proc/sys/vm/drop_caches > /dev/null[0m'
請輸入 AIO 並發數量（目前範例忽略並發，固定為單一區塊）：🔧 測試模式：AIO(concurrency) + Matrix 運算
⚙️ 執行矩陣運算...
concurrency[AIO + Matrix] 執行時間：0.687934 秒

========== I/O 模式選單 ==========
 1: Blocking I/O
 2: Asynchronous I/O (AIO)
 3: Blocking I/O + Matrix 計算
 4: AIO (Polling+concurrency) + Matrix 計算
 5: AIO (Polling) + Matrix 計算
 0: 離開程式
請選擇模式：📦 清除 Page Cache...
use cmd :'[1;33msync; echo 3 | sudo tee /proc/sys/vm/drop_caches > /dev/null[0m'
🔧 測試模式：AIO + Matrix 運算
⚙️ 執行矩陣運算...
[AIO + Matrix] 執行時間：0.594043 秒

========== I/O 模式選單 ==========
 1: Blocking I/O
 2: Asynchronous I/O (AIO)
 3: Blocking I/O + Matrix 計算
 4: AIO (Polling+concurrency) + Matrix 計算
 5: AIO (Polling) + Matrix 計算
 0: 離開程式
請選擇模式：結束測試。
70MB
🗑️ 成功刪除 input.txt 檔案。
是否建立測試檔？(size,MB)：📦 正在產生 input.txt...
use cmd :'[1;33m dd if=/dev/urandom of=input.txt bs=1M count=70 status=none [0m'
✅ 檔案產生完成。

========== I/O 模式選單 ==========
 1: Blocking I/O
 2: Asynchronous I/O (AIO)
 3: Blocking I/O + Matrix 計算
 4: AIO (Polling+concurrency) + Matrix 計算
 5: AIO (Polling) + Matrix 計算
 0: 離開程式
請選擇模式：📦 清除 Page Cache...
use cmd :'[1;33msync; echo 3 | sudo tee /proc/sys/vm/drop_caches > /dev/null[0m'
🔧 測試模式：Blocking I/O + Matrix
⚙️ 執行矩陣運算...
[Blocking + Matrix] 執行時間：0.943476 秒

========== I/O 模式選單 ==========
 1: Blocking I/O
 2: Asynchronous I/O (AIO)
 3: Blocking I/O + Matrix 計算
 4: AIO (Polling+concurrency) + Matrix 計算
 5: AIO (Polling) + Matrix 計算
 0: 離開程式
請選擇模式：📦 清除 Page Cache...
use cmd :'[1;33msync; echo 3 | sudo tee /proc/sys/vm/drop_caches > /dev/null[0m'
請輸入 AIO 並發數量（目前範例忽略並發，固定為單一區塊）：🔧 測試模式：AIO(concurrency) + Matrix 運算
⚙️ 執行矩陣運算...
concurrency[AIO + Matrix] 執行時間：0.763690 秒

========== I/O 模式選單 ==========
 1: Blocking I/O
 2: Asynchronous I/O (AIO)
 3: Blocking I/O + Matrix 計算
 4: AIO (Polling+concurrency) + Matrix 計算
 5: AIO (Polling) + Matrix 計算
 0: 離開程式
請選擇模式：📦 清除 Page Cache...
use cmd :'[1;33msync; echo 3 | sudo tee /proc/sys/vm/drop_caches > /dev/null[0m'
請輸入 AIO 並發數量（目前範例忽略並發，固定為單一區塊）：🔧 測試模式：AIO(concurrency) + Matrix 運算
⚙️ 執行矩陣運算...
concurrency[AIO + Matrix] 執行時間：0.703067 秒

========== I/O 模式選單 ==========
 1: Blocking I/O
 2: Asynchronous I/O (AIO)
 3: Blocking I/O + Matrix 計算
 4: AIO (Polling+concurrency) + Matrix 計算
 5: AIO (Polling) + Matrix 計算
 0: 離開程式
請選擇模式：📦 清除 Page Cache...
use cmd :'[1;33msync; echo 3 | sudo tee /proc/sys/vm/drop_caches > /dev/null[0m'
請輸入 AIO 並發數量（目前範例忽略並發，固定為單一區塊）：🔧 測試模式：AIO(concurrency) + Matrix 運算
⚙️ 執行矩陣運算...
concurrency[AIO + Matrix] 執行時間：0.677960 秒

========== I/O 模式選單 ==========
 1: Blocking I/O
 2: Asynchronous I/O (AIO)
 3: Blocking I/O + Matrix 計算
 4: AIO (Polling+concurrency) + Matrix 計算
 5: AIO (Polling) + Matrix 計算
 0: 離開程式
請選擇模式：📦 清除 Page Cache...
use cmd :'[1;33msync; echo 3 | sudo tee /proc/sys/vm/drop_caches > /dev/null[0m'
請輸入 AIO 並發數量（目前範例忽略並發，固定為單一區塊）：🔧 測試模式：AIO(concurrency) + Matrix 運算
⚙️ 執行矩陣運算...
concurrency[AIO + Matrix] 執行時間：0.690967 秒

========== I/O 模式選單 ==========
 1: Blocking I/O
 2: Asynchronous I/O (AIO)
 3: Blocking I/O + Matrix 計算
 4: AIO (Polling+concurrency) + Matrix 計算
 5: AIO (Polling) + Matrix 計算
 0: 離開程式
請選擇模式：📦 清除 Page Cache...
use cmd :'[1;33msync; echo 3 | sudo tee /proc/sys/vm/drop_caches > /dev/null[0m'
🔧 測試模式：AIO + Matrix 運算
⚙️ 執行矩陣運算...
[AIO + Matrix] 執行時間：0.565555 秒

========== I/O 模式選單 ==========
 1: Blocking I/O
 2: Asynchronous I/O (AIO)
 3: Blocking I/O + Matrix 計算
 4: AIO (Polling+concurrency) + Matrix 計算
 5: AIO (Polling) + Matrix 計算
 0: 離開程式
請選擇模式：結束測試。
80MB
🗑️ 成功刪除 input.txt 檔案。
是否建立測試檔？(size,MB)：📦 正在產生 input.txt...
use cmd :'[1;33m dd if=/dev/urandom of=input.txt bs=1M count=80 status=none [0m'
✅ 檔案產生完成。

========== I/O 模式選單 ==========
 1: Blocking I/O
 2: Asynchronous I/O (AIO)
 3: Blocking I/O + Matrix 計算
 4: AIO (Polling+concurrency) + Matrix 計算
 5: AIO (Polling) + Matrix 計算
 0: 離開程式
請選擇模式：📦 清除 Page Cache...
use cmd :'[1;33msync; echo 3 | sudo tee /proc/sys/vm/drop_caches > /dev/null[0m'
🔧 測試模式：Blocking I/O + Matrix
⚙️ 執行矩陣運算...
[Blocking + Matrix] 執行時間：0.804894 秒

========== I/O 模式選單 ==========
 1: Blocking I/O
 2: Asynchronous I/O (AIO)
 3: Blocking I/O + Matrix 計算
 4: AIO (Polling+concurrency) + Matrix 計算
 5: AIO (Polling) + Matrix 計算
 0: 離開程式
請選擇模式：📦 清除 Page Cache...
use cmd :'[1;33msync; echo 3 | sudo tee /proc/sys/vm/drop_caches > /dev/null[0m'
請輸入 AIO 並發數量（目前範例忽略並發，固定為單一區塊）：🔧 測試模式：AIO(concurrency) + Matrix 運算
⚙️ 執行矩陣運算...
concurrency[AIO + Matrix] 執行時間：0.740405 秒

========== I/O 模式選單 ==========
 1: Blocking I/O
 2: Asynchronous I/O (AIO)
 3: Blocking I/O + Matrix 計算
 4: AIO (Polling+concurrency) + Matrix 計算
 5: AIO (Polling) + Matrix 計算
 0: 離開程式
請選擇模式：📦 清除 Page Cache...
use cmd :'[1;33msync; echo 3 | sudo tee /proc/sys/vm/drop_caches > /dev/null[0m'
請輸入 AIO 並發數量（目前範例忽略並發，固定為單一區塊）：🔧 測試模式：AIO(concurrency) + Matrix 運算
⚙️ 執行矩陣運算...
concurrency[AIO + Matrix] 執行時間：0.716596 秒

========== I/O 模式選單 ==========
 1: Blocking I/O
 2: Asynchronous I/O (AIO)
 3: Blocking I/O + Matrix 計算
 4: AIO (Polling+concurrency) + Matrix 計算
 5: AIO (Polling) + Matrix 計算
 0: 離開程式
請選擇模式：📦 清除 Page Cache...
use cmd :'[1;33msync; echo 3 | sudo tee /proc/sys/vm/drop_caches > /dev/null[0m'
請輸入 AIO 並發數量（目前範例忽略並發，固定為單一區塊）：🔧 測試模式：AIO(concurrency) + Matrix 運算
⚙️ 執行矩陣運算...
concurrency[AIO + Matrix] 執行時間：0.786579 秒

========== I/O 模式選單 ==========
 1: Blocking I/O
 2: Asynchronous I/O (AIO)
 3: Blocking I/O + Matrix 計算
 4: AIO (Polling+concurrency) + Matrix 計算
 5: AIO (Polling) + Matrix 計算
 0: 離開程式
請選擇模式：📦 清除 Page Cache...
use cmd :'[1;33msync; echo 3 | sudo tee /proc/sys/vm/drop_caches > /dev/null[0m'
請輸入 AIO 並發數量（目前範例忽略並發，固定為單一區塊）：🔧 測試模式：AIO(concurrency) + Matrix 運算
⚙️ 執行矩陣運算...
concurrency[AIO + Matrix] 執行時間：0.708828 秒

========== I/O 模式選單 ==========
 1: Blocking I/O
 2: Asynchronous I/O (AIO)
 3: Blocking I/O + Matrix 計算
 4: AIO (Polling+concurrency) + Matrix 計算
 5: AIO (Polling) + Matrix 計算
 0: 離開程式
請選擇模式：📦 清除 Page Cache...
use cmd :'[1;33msync; echo 3 | sudo tee /proc/sys/vm/drop_caches > /dev/null[0m'
🔧 測試模式：AIO + Matrix 運算
⚙️ 執行矩陣運算...
[AIO + Matrix] 執行時間：0.592024 秒

========== I/O 模式選單 ==========
 1: Blocking I/O
 2: Asynchronous I/O (AIO)
 3: Blocking I/O + Matrix 計算
 4: AIO (Polling+concurrency) + Matrix 計算
 5: AIO (Polling) + Matrix 計算
 0: 離開程式
請選擇模式：結束測試。
90MB
🗑️ 成功刪除 input.txt 檔案。
是否建立測試檔？(size,MB)：📦 正在產生 input.txt...
use cmd :'[1;33m dd if=/dev/urandom of=input.txt bs=1M count=90 status=none [0m'
✅ 檔案產生完成。

========== I/O 模式選單 ==========
 1: Blocking I/O
 2: Asynchronous I/O (AIO)
 3: Blocking I/O + Matrix 計算
 4: AIO (Polling+concurrency) + Matrix 計算
 5: AIO (Polling) + Matrix 計算
 0: 離開程式
請選擇模式：📦 清除 Page Cache...
use cmd :'[1;33msync; echo 3 | sudo tee /proc/sys/vm/drop_caches > /dev/null[0m'
🔧 測試模式：Blocking I/O + Matrix
⚙️ 執行矩陣運算...
[Blocking + Matrix] 執行時間：0.854862 秒

========== I/O 模式選單 ==========
 1: Blocking I/O
 2: Asynchronous I/O (AIO)
 3: Blocking I/O + Matrix 計算
 4: AIO (Polling+concurrency) + Matrix 計算
 5: AIO (Polling) + Matrix 計算
 0: 離開程式
請選擇模式：📦 清除 Page Cache...
use cmd :'[1;33msync; echo 3 | sudo tee /proc/sys/vm/drop_caches > /dev/null[0m'
請輸入 AIO 並發數量（目前範例忽略並發，固定為單一區塊）：🔧 測試模式：AIO(concurrency) + Matrix 運算
⚙️ 執行矩陣運算...
concurrency[AIO + Matrix] 執行時間：0.942632 秒

========== I/O 模式選單 ==========
 1: Blocking I/O
 2: Asynchronous I/O (AIO)
 3: Blocking I/O + Matrix 計算
 4: AIO (Polling+concurrency) + Matrix 計算
 5: AIO (Polling) + Matrix 計算
 0: 離開程式
請選擇模式：📦 清除 Page Cache...
use cmd :'[1;33msync; echo 3 | sudo tee /proc/sys/vm/drop_caches > /dev/null[0m'
請輸入 AIO 並發數量（目前範例忽略並發，固定為單一區塊）：🔧 測試模式：AIO(concurrency) + Matrix 運算
⚙️ 執行矩陣運算...
concurrency[AIO + Matrix] 執行時間：0.760965 秒

========== I/O 模式選單 ==========
 1: Blocking I/O
 2: Asynchronous I/O (AIO)
 3: Blocking I/O + Matrix 計算
 4: AIO (Polling+concurrency) + Matrix 計算
 5: AIO (Polling) + Matrix 計算
 0: 離開程式
請選擇模式：📦 清除 Page Cache...
use cmd :'[1;33msync; echo 3 | sudo tee /proc/sys/vm/drop_caches > /dev/null[0m'
請輸入 AIO 並發數量（目前範例忽略並發，固定為單一區塊）：🔧 測試模式：AIO(concurrency) + Matrix 運算
⚙️ 執行矩陣運算...
concurrency[AIO + Matrix] 執行時間：0.755758 秒

========== I/O 模式選單 ==========
 1: Blocking I/O
 2: Asynchronous I/O (AIO)
 3: Blocking I/O + Matrix 計算
 4: AIO (Polling+concurrency) + Matrix 計算
 5: AIO (Polling) + Matrix 計算
 0: 離開程式
請選擇模式：📦 清除 Page Cache...
use cmd :'[1;33msync; echo 3 | sudo tee /proc/sys/vm/drop_caches > /dev/null[0m'
請輸入 AIO 並發數量（目前範例忽略並發，固定為單一區塊）：🔧 測試模式：AIO(concurrency) + Matrix 運算
⚙️ 執行矩陣運算...
concurrency[AIO + Matrix] 執行時間：0.788191 秒

========== I/O 模式選單 ==========
 1: Blocking I/O
 2: Asynchronous I/O (AIO)
 3: Blocking I/O + Matrix 計算
 4: AIO (Polling+concurrency) + Matrix 計算
 5: AIO (Polling) + Matrix 計算
 0: 離開程式
請選擇模式：📦 清除 Page Cache...
use cmd :'[1;33msync; echo 3 | sudo tee /proc/sys/vm/drop_caches > /dev/null[0m'
🔧 測試模式：AIO + Matrix 運算
⚙️ 執行矩陣運算...
[AIO + Matrix] 執行時間：0.689525 秒

========== I/O 模式選單 ==========
 1: Blocking I/O
 2: Asynchronous I/O (AIO)
 3: Blocking I/O + Matrix 計算
 4: AIO (Polling+concurrency) + Matrix 計算
 5: AIO (Polling) + Matrix 計算
 0: 離開程式
請選擇模式：結束測試。
100MB
🗑️ 成功刪除 input.txt 檔案。
是否建立測試檔？(size,MB)：📦 正在產生 input.txt...
use cmd :'[1;33m dd if=/dev/urandom of=input.txt bs=1M count=100 status=none [0m'
✅ 檔案產生完成。

========== I/O 模式選單 ==========
 1: Blocking I/O
 2: Asynchronous I/O (AIO)
 3: Blocking I/O + Matrix 計算
 4: AIO (Polling+concurrency) + Matrix 計算
 5: AIO (Polling) + Matrix 計算
 0: 離開程式
請選擇模式：📦 清除 Page Cache...
use cmd :'[1;33msync; echo 3 | sudo tee /proc/sys/vm/drop_caches > /dev/null[0m'
🔧 測試模式：Blocking I/O + Matrix
⚙️ 執行矩陣運算...
[Blocking + Matrix] 執行時間：0.913790 秒

========== I/O 模式選單 ==========
 1: Blocking I/O
 2: Asynchronous I/O (AIO)
 3: Blocking I/O + Matrix 計算
 4: AIO (Polling+concurrency) + Matrix 計算
 5: AIO (Polling) + Matrix 計算
 0: 離開程式
請選擇模式：📦 清除 Page Cache...
use cmd :'[1;33msync; echo 3 | sudo tee /proc/sys/vm/drop_caches > /dev/null[0m'
請輸入 AIO 並發數量（目前範例忽略並發，固定為單一區塊）：🔧 測試模式：AIO(concurrency) + Matrix 運算
⚙️ 執行矩陣運算...
concurrency[AIO + Matrix] 執行時間：0.783464 秒

========== I/O 模式選單 ==========
 1: Blocking I/O
 2: Asynchronous I/O (AIO)
 3: Blocking I/O + Matrix 計算
 4: AIO (Polling+concurrency) + Matrix 計算
 5: AIO (Polling) + Matrix 計算
 0: 離開程式
請選擇模式：📦 清除 Page Cache...
use cmd :'[1;33msync; echo 3 | sudo tee /proc/sys/vm/drop_caches > /dev/null[0m'
請輸入 AIO 並發數量（目前範例忽略並發，固定為單一區塊）：🔧 測試模式：AIO(concurrency) + Matrix 運算
⚙️ 執行矩陣運算...
concurrency[AIO + Matrix] 執行時間：0.808302 秒

========== I/O 模式選單 ==========
 1: Blocking I/O
 2: Asynchronous I/O (AIO)
 3: Blocking I/O + Matrix 計算
 4: AIO (Polling+concurrency) + Matrix 計算
 5: AIO (Polling) + Matrix 計算
 0: 離開程式
請選擇模式：📦 清除 Page Cache...
use cmd :'[1;33msync; echo 3 | sudo tee /proc/sys/vm/drop_caches > /dev/null[0m'
請輸入 AIO 並發數量（目前範例忽略並發，固定為單一區塊）：🔧 測試模式：AIO(concurrency) + Matrix 運算
⚙️ 執行矩陣運算...
concurrency[AIO + Matrix] 執行時間：0.768867 秒

========== I/O 模式選單 ==========
 1: Blocking I/O
 2: Asynchronous I/O (AIO)
 3: Blocking I/O + Matrix 計算
 4: AIO (Polling+concurrency) + Matrix 計算
 5: AIO (Polling) + Matrix 計算
 0: 離開程式
請選擇模式：📦 清除 Page Cache...
use cmd :'[1;33msync; echo 3 | sudo tee /proc/sys/vm/drop_caches > /dev/null[0m'
請輸入 AIO 並發數量（目前範例忽略並發，固定為單一區塊）：🔧 測試模式：AIO(concurrency) + Matrix 運算
⚙️ 執行矩陣運算...
concurrency[AIO + Matrix] 執行時間：0.810354 秒

========== I/O 模式選單 ==========
 1: Blocking I/O
 2: Asynchronous I/O (AIO)
 3: Blocking I/O + Matrix 計算
 4: AIO (Polling+concurrency) + Matrix 計算
 5: AIO (Polling) + Matrix 計算
 0: 離開程式
請選擇模式：📦 清除 Page Cache...
use cmd :'[1;33msync; echo 3 | sudo tee /proc/sys/vm/drop_caches > /dev/null[0m'
🔧 測試模式：AIO + Matrix 運算
⚙️ 執行矩陣運算...
[AIO + Matrix] 執行時間：0.871098 秒

========== I/O 模式選單 ==========
 1: Blocking I/O
 2: Asynchronous I/O (AIO)
 3: Blocking I/O + Matrix 計算
 4: AIO (Polling+concurrency) + Matrix 計算
 5: AIO (Polling) + Matrix 計算
 0: 離開程式
請選擇模式：結束測試。
200MB
🗑️ 成功刪除 input.txt 檔案。
是否建立測試檔？(size,MB)：📦 正在產生 input.txt...
use cmd :'[1;33m dd if=/dev/urandom of=input.txt bs=1M count=200 status=none [0m'
✅ 檔案產生完成。

========== I/O 模式選單 ==========
 1: Blocking I/O
 2: Asynchronous I/O (AIO)
 3: Blocking I/O + Matrix 計算
 4: AIO (Polling+concurrency) + Matrix 計算
 5: AIO (Polling) + Matrix 計算
 0: 離開程式
請選擇模式：📦 清除 Page Cache...
use cmd :'[1;33msync; echo 3 | sudo tee /proc/sys/vm/drop_caches > /dev/null[0m'
🔧 測試模式：Blocking I/O + Matrix
⚙️ 執行矩陣運算...
[Blocking + Matrix] 執行時間：1.240036 秒

========== I/O 模式選單 ==========
 1: Blocking I/O
 2: Asynchronous I/O (AIO)
 3: Blocking I/O + Matrix 計算
 4: AIO (Polling+concurrency) + Matrix 計算
 5: AIO (Polling) + Matrix 計算
 0: 離開程式
請選擇模式：📦 清除 Page Cache...
use cmd :'[1;33msync; echo 3 | sudo tee /proc/sys/vm/drop_caches > /dev/null[0m'
請輸入 AIO 並發數量（目前範例忽略並發，固定為單一區塊）：🔧 測試模式：AIO(concurrency) + Matrix 運算
⚙️ 執行矩陣運算...
concurrency[AIO + Matrix] 執行時間：0.971749 秒

========== I/O 模式選單 ==========
 1: Blocking I/O
 2: Asynchronous I/O (AIO)
 3: Blocking I/O + Matrix 計算
 4: AIO (Polling+concurrency) + Matrix 計算
 5: AIO (Polling) + Matrix 計算
 0: 離開程式
請選擇模式：📦 清除 Page Cache...
use cmd :'[1;33msync; echo 3 | sudo tee /proc/sys/vm/drop_caches > /dev/null[0m'
請輸入 AIO 並發數量（目前範例忽略並發，固定為單一區塊）：🔧 測試模式：AIO(concurrency) + Matrix 運算
⚙️ 執行矩陣運算...
concurrency[AIO + Matrix] 執行時間：0.938464 秒

========== I/O 模式選單 ==========
 1: Blocking I/O
 2: Asynchronous I/O (AIO)
 3: Blocking I/O + Matrix 計算
 4: AIO (Polling+concurrency) + Matrix 計算
 5: AIO (Polling) + Matrix 計算
 0: 離開程式
請選擇模式：📦 清除 Page Cache...
use cmd :'[1;33msync; echo 3 | sudo tee /proc/sys/vm/drop_caches > /dev/null[0m'
請輸入 AIO 並發數量（目前範例忽略並發，固定為單一區塊）：🔧 測試模式：AIO(concurrency) + Matrix 運算
⚙️ 執行矩陣運算...
concurrency[AIO + Matrix] 執行時間：1.000021 秒

========== I/O 模式選單 ==========
 1: Blocking I/O
 2: Asynchronous I/O (AIO)
 3: Blocking I/O + Matrix 計算
 4: AIO (Polling+concurrency) + Matrix 計算
 5: AIO (Polling) + Matrix 計算
 0: 離開程式
請選擇模式：📦 清除 Page Cache...
use cmd :'[1;33msync; echo 3 | sudo tee /proc/sys/vm/drop_caches > /dev/null[0m'
請輸入 AIO 並發數量（目前範例忽略並發，固定為單一區塊）：🔧 測試模式：AIO(concurrency) + Matrix 運算
⚙️ 執行矩陣運算...
concurrency[AIO + Matrix] 執行時間：0.923869 秒

========== I/O 模式選單 ==========
 1: Blocking I/O
 2: Asynchronous I/O (AIO)
 3: Blocking I/O + Matrix 計算
 4: AIO (Polling+concurrency) + Matrix 計算
 5: AIO (Polling) + Matrix 計算
 0: 離開程式
請選擇模式：📦 清除 Page Cache...
use cmd :'[1;33msync; echo 3 | sudo tee /proc/sys/vm/drop_caches > /dev/null[0m'
🔧 測試模式：AIO + Matrix 運算
⚙️ 執行矩陣運算...
[AIO + Matrix] 執行時間：0.637640 秒

========== I/O 模式選單 ==========
 1: Blocking I/O
 2: Asynchronous I/O (AIO)
 3: Blocking I/O + Matrix 計算
 4: AIO (Polling+concurrency) + Matrix 計算
 5: AIO (Polling) + Matrix 計算
 0: 離開程式
請選擇模式：結束測試。
300MB
🗑️ 成功刪除 input.txt 檔案。
是否建立測試檔？(size,MB)：📦 正在產生 input.txt...
use cmd :'[1;33m dd if=/dev/urandom of=input.txt bs=1M count=300 status=none [0m'
✅ 檔案產生完成。

========== I/O 模式選單 ==========
 1: Blocking I/O
 2: Asynchronous I/O (AIO)
 3: Blocking I/O + Matrix 計算
 4: AIO (Polling+concurrency) + Matrix 計算
 5: AIO (Polling) + Matrix 計算
 0: 離開程式
請選擇模式：📦 清除 Page Cache...
use cmd :'[1;33msync; echo 3 | sudo tee /proc/sys/vm/drop_caches > /dev/null[0m'
🔧 測試模式：Blocking I/O + Matrix
⚙️ 執行矩陣運算...
[Blocking + Matrix] 執行時間：1.371523 秒

========== I/O 模式選單 ==========
 1: Blocking I/O
 2: Asynchronous I/O (AIO)
 3: Blocking I/O + Matrix 計算
 4: AIO (Polling+concurrency) + Matrix 計算
 5: AIO (Polling) + Matrix 計算
 0: 離開程式
請選擇模式：📦 清除 Page Cache...
use cmd :'[1;33msync; echo 3 | sudo tee /proc/sys/vm/drop_caches > /dev/null[0m'
請輸入 AIO 並發數量（目前範例忽略並發，固定為單一區塊）：🔧 測試模式：AIO(concurrency) + Matrix 運算
⚙️ 執行矩陣運算...
concurrency[AIO + Matrix] 執行時間：1.198587 秒

========== I/O 模式選單 ==========
 1: Blocking I/O
 2: Asynchronous I/O (AIO)
 3: Blocking I/O + Matrix 計算
 4: AIO (Polling+concurrency) + Matrix 計算
 5: AIO (Polling) + Matrix 計算
 0: 離開程式
請選擇模式：📦 清除 Page Cache...
use cmd :'[1;33msync; echo 3 | sudo tee /proc/sys/vm/drop_caches > /dev/null[0m'
請輸入 AIO 並發數量（目前範例忽略並發，固定為單一區塊）：🔧 測試模式：AIO(concurrency) + Matrix 運算
⚙️ 執行矩陣運算...
concurrency[AIO + Matrix] 執行時間：1.099857 秒

========== I/O 模式選單 ==========
 1: Blocking I/O
 2: Asynchronous I/O (AIO)
 3: Blocking I/O + Matrix 計算
 4: AIO (Polling+concurrency) + Matrix 計算
 5: AIO (Polling) + Matrix 計算
 0: 離開程式
請選擇模式：📦 清除 Page Cache...
use cmd :'[1;33msync; echo 3 | sudo tee /proc/sys/vm/drop_caches > /dev/null[0m'
請輸入 AIO 並發數量（目前範例忽略並發，固定為單一區塊）：🔧 測試模式：AIO(concurrency) + Matrix 運算
⚙️ 執行矩陣運算...
concurrency[AIO + Matrix] 執行時間：1.117473 秒

========== I/O 模式選單 ==========
 1: Blocking I/O
 2: Asynchronous I/O (AIO)
 3: Blocking I/O + Matrix 計算
 4: AIO (Polling+concurrency) + Matrix 計算
 5: AIO (Polling) + Matrix 計算
 0: 離開程式
請選擇模式：📦 清除 Page Cache...
use cmd :'[1;33msync; echo 3 | sudo tee /proc/sys/vm/drop_caches > /dev/null[0m'
請輸入 AIO 並發數量（目前範例忽略並發，固定為單一區塊）：🔧 測試模式：AIO(concurrency) + Matrix 運算
⚙️ 執行矩陣運算...
concurrency[AIO + Matrix] 執行時間：1.155644 秒

========== I/O 模式選單 ==========
 1: Blocking I/O
 2: Asynchronous I/O (AIO)
 3: Blocking I/O + Matrix 計算
 4: AIO (Polling+concurrency) + Matrix 計算
 5: AIO (Polling) + Matrix 計算
 0: 離開程式
請選擇模式：📦 清除 Page Cache...
use cmd :'[1;33msync; echo 3 | sudo tee /proc/sys/vm/drop_caches > /dev/null[0m'
🔧 測試模式：AIO + Matrix 運算
⚙️ 執行矩陣運算...
[AIO + Matrix] 執行時間：0.658093 秒

========== I/O 模式選單 ==========
 1: Blocking I/O
 2: Asynchronous I/O (AIO)
 3: Blocking I/O + Matrix 計算
 4: AIO (Polling+concurrency) + Matrix 計算
 5: AIO (Polling) + Matrix 計算
 0: 離開程式
請選擇模式：結束測試。
400MB
🗑️ 成功刪除 input.txt 檔案。
是否建立測試檔？(size,MB)：📦 正在產生 input.txt...
use cmd :'[1;33m dd if=/dev/urandom of=input.txt bs=1M count=400 status=none [0m'
✅ 檔案產生完成。

========== I/O 模式選單 ==========
 1: Blocking I/O
 2: Asynchronous I/O (AIO)
 3: Blocking I/O + Matrix 計算
 4: AIO (Polling+concurrency) + Matrix 計算
 5: AIO (Polling) + Matrix 計算
 0: 離開程式
請選擇模式：📦 清除 Page Cache...
use cmd :'[1;33msync; echo 3 | sudo tee /proc/sys/vm/drop_caches > /dev/null[0m'
🔧 測試模式：Blocking I/O + Matrix
⚙️ 執行矩陣運算...
[Blocking + Matrix] 執行時間：2.090028 秒

========== I/O 模式選單 ==========
 1: Blocking I/O
 2: Asynchronous I/O (AIO)
 3: Blocking I/O + Matrix 計算
 4: AIO (Polling+concurrency) + Matrix 計算
 5: AIO (Polling) + Matrix 計算
 0: 離開程式
請選擇模式：📦 清除 Page Cache...
use cmd :'[1;33msync; echo 3 | sudo tee /proc/sys/vm/drop_caches > /dev/null[0m'
請輸入 AIO 並發數量（目前範例忽略並發，固定為單一區塊）：🔧 測試模式：AIO(concurrency) + Matrix 運算
⚙️ 執行矩陣運算...
concurrency[AIO + Matrix] 執行時間：1.894621 秒

========== I/O 模式選單 ==========
 1: Blocking I/O
 2: Asynchronous I/O (AIO)
 3: Blocking I/O + Matrix 計算
 4: AIO (Polling+concurrency) + Matrix 計算
 5: AIO (Polling) + Matrix 計算
 0: 離開程式
請選擇模式：📦 清除 Page Cache...
use cmd :'[1;33msync; echo 3 | sudo tee /proc/sys/vm/drop_caches > /dev/null[0m'
請輸入 AIO 並發數量（目前範例忽略並發，固定為單一區塊）：🔧 測試模式：AIO(concurrency) + Matrix 運算
⚙️ 執行矩陣運算...
concurrency[AIO + Matrix] 執行時間：1.617163 秒

========== I/O 模式選單 ==========
 1: Blocking I/O
 2: Asynchronous I/O (AIO)
 3: Blocking I/O + Matrix 計算
 4: AIO (Polling+concurrency) + Matrix 計算
 5: AIO (Polling) + Matrix 計算
 0: 離開程式
請選擇模式：📦 清除 Page Cache...
use cmd :'[1;33msync; echo 3 | sudo tee /proc/sys/vm/drop_caches > /dev/null[0m'
請輸入 AIO 並發數量（目前範例忽略並發，固定為單一區塊）：🔧 測試模式：AIO(concurrency) + Matrix 運算
⚙️ 執行矩陣運算...
concurrency[AIO + Matrix] 執行時間：1.386190 秒

========== I/O 模式選單 ==========
 1: Blocking I/O
 2: Asynchronous I/O (AIO)
 3: Blocking I/O + Matrix 計算
 4: AIO (Polling+concurrency) + Matrix 計算
 5: AIO (Polling) + Matrix 計算
 0: 離開程式
請選擇模式：📦 清除 Page Cache...
use cmd :'[1;33msync; echo 3 | sudo tee /proc/sys/vm/drop_caches > /dev/null[0m'
請輸入 AIO 並發數量（目前範例忽略並發，固定為單一區塊）：🔧 測試模式：AIO(concurrency) + Matrix 運算
⚙️ 執行矩陣運算...
concurrency[AIO + Matrix] 執行時間：1.382255 秒

========== I/O 模式選單 ==========
 1: Blocking I/O
 2: Asynchronous I/O (AIO)
 3: Blocking I/O + Matrix 計算
 4: AIO (Polling+concurrency) + Matrix 計算
 5: AIO (Polling) + Matrix 計算
 0: 離開程式
請選擇模式：📦 清除 Page Cache...
use cmd :'[1;33msync; echo 3 | sudo tee /proc/sys/vm/drop_caches > /dev/null[0m'
🔧 測試模式：AIO + Matrix 運算
⚙️ 執行矩陣運算...
[AIO + Matrix] 執行時間：0.605118 秒

========== I/O 模式選單 ==========
 1: Blocking I/O
 2: Asynchronous I/O (AIO)
 3: Blocking I/O + Matrix 計算
 4: AIO (Polling+concurrency) + Matrix 計算
 5: AIO (Polling) + Matrix 計算
 0: 離開程式
請選擇模式：結束測試。
500MB
🗑️ 成功刪除 input.txt 檔案。
是否建立測試檔？(size,MB)：📦 正在產生 input.txt...
use cmd :'[1;33m dd if=/dev/urandom of=input.txt bs=1M count=500 status=none [0m'
✅ 檔案產生完成。

========== I/O 模式選單 ==========
 1: Blocking I/O
 2: Asynchronous I/O (AIO)
 3: Blocking I/O + Matrix 計算
 4: AIO (Polling+concurrency) + Matrix 計算
 5: AIO (Polling) + Matrix 計算
 0: 離開程式
請選擇模式：📦 清除 Page Cache...
use cmd :'[1;33msync; echo 3 | sudo tee /proc/sys/vm/drop_caches > /dev/null[0m'
🔧 測試模式：Blocking I/O + Matrix
⚙️ 執行矩陣運算...
[Blocking + Matrix] 執行時間：1.740295 秒

========== I/O 模式選單 ==========
 1: Blocking I/O
 2: Asynchronous I/O (AIO)
 3: Blocking I/O + Matrix 計算
 4: AIO (Polling+concurrency) + Matrix 計算
 5: AIO (Polling) + Matrix 計算
 0: 離開程式
請選擇模式：📦 清除 Page Cache...
use cmd :'[1;33msync; echo 3 | sudo tee /proc/sys/vm/drop_caches > /dev/null[0m'
請輸入 AIO 並發數量（目前範例忽略並發，固定為單一區塊）：🔧 測試模式：AIO(concurrency) + Matrix 運算
⚙️ 執行矩陣運算...
concurrency[AIO + Matrix] 執行時間：1.346682 秒

========== I/O 模式選單 ==========
 1: Blocking I/O
 2: Asynchronous I/O (AIO)
 3: Blocking I/O + Matrix 計算
 4: AIO (Polling+concurrency) + Matrix 計算
 5: AIO (Polling) + Matrix 計算
 0: 離開程式
請選擇模式：📦 清除 Page Cache...
use cmd :'[1;33msync; echo 3 | sudo tee /proc/sys/vm/drop_caches > /dev/null[0m'
請輸入 AIO 並發數量（目前範例忽略並發，固定為單一區塊）：🔧 測試模式：AIO(concurrency) + Matrix 運算
⚙️ 執行矩陣運算...
concurrency[AIO + Matrix] 執行時間：1.310329 秒

========== I/O 模式選單 ==========
 1: Blocking I/O
 2: Asynchronous I/O (AIO)
 3: Blocking I/O + Matrix 計算
 4: AIO (Polling+concurrency) + Matrix 計算
 5: AIO (Polling) + Matrix 計算
 0: 離開程式
請選擇模式：📦 清除 Page Cache...
use cmd :'[1;33msync; echo 3 | sudo tee /proc/sys/vm/drop_caches > /dev/null[0m'
請輸入 AIO 並發數量（目前範例忽略並發，固定為單一區塊）：🔧 測試模式：AIO(concurrency) + Matrix 運算
⚙️ 執行矩陣運算...
concurrency[AIO + Matrix] 執行時間：1.308540 秒

========== I/O 模式選單 ==========
 1: Blocking I/O
 2: Asynchronous I/O (AIO)
 3: Blocking I/O + Matrix 計算
 4: AIO (Polling+concurrency) + Matrix 計算
 5: AIO (Polling) + Matrix 計算
 0: 離開程式
請選擇模式：📦 清除 Page Cache...
use cmd :'[1;33msync; echo 3 | sudo tee /proc/sys/vm/drop_caches > /dev/null[0m'
請輸入 AIO 並發數量（目前範例忽略並發，固定為單一區塊）：🔧 測試模式：AIO(concurrency) + Matrix 運算
⚙️ 執行矩陣運算...
concurrency[AIO + Matrix] 執行時間：1.371229 秒

========== I/O 模式選單 ==========
 1: Blocking I/O
 2: Asynchronous I/O (AIO)
 3: Blocking I/O + Matrix 計算
 4: AIO (Polling+concurrency) + Matrix 計算
 5: AIO (Polling) + Matrix 計算
 0: 離開程式
請選擇模式：📦 清除 Page Cache...
use cmd :'[1;33msync; echo 3 | sudo tee /proc/sys/vm/drop_caches > /dev/null[0m'
🔧 測試模式：AIO + Matrix 運算
⚙️ 執行矩陣運算...
[AIO + Matrix] 執行時間：0.600741 秒

========== I/O 模式選單 ==========
 1: Blocking I/O
 2: Asynchronous I/O (AIO)
 3: Blocking I/O + Matrix 計算
 4: AIO (Polling+concurrency) + Matrix 計算
 5: AIO (Polling) + Matrix 計算
 0: 離開程式
請選擇模式：結束測試。
600MB
🗑️ 成功刪除 input.txt 檔案。
是否建立測試檔？(size,MB)：📦 正在產生 input.txt...
use cmd :'[1;33m dd if=/dev/urandom of=input.txt bs=1M count=600 status=none [0m'
✅ 檔案產生完成。

========== I/O 模式選單 ==========
 1: Blocking I/O
 2: Asynchronous I/O (AIO)
 3: Blocking I/O + Matrix 計算
 4: AIO (Polling+concurrency) + Matrix 計算
 5: AIO (Polling) + Matrix 計算
 0: 離開程式
請選擇模式：📦 清除 Page Cache...
use cmd :'[1;33msync; echo 3 | sudo tee /proc/sys/vm/drop_caches > /dev/null[0m'
🔧 測試模式：Blocking I/O + Matrix
⚙️ 執行矩陣運算...
[Blocking + Matrix] 執行時間：2.005140 秒

========== I/O 模式選單 ==========
 1: Blocking I/O
 2: Asynchronous I/O (AIO)
 3: Blocking I/O + Matrix 計算
 4: AIO (Polling+concurrency) + Matrix 計算
 5: AIO (Polling) + Matrix 計算
 0: 離開程式
請選擇模式：📦 清除 Page Cache...
use cmd :'[1;33msync; echo 3 | sudo tee /proc/sys/vm/drop_caches > /dev/null[0m'
請輸入 AIO 並發數量（目前範例忽略並發，固定為單一區塊）：🔧 測試模式：AIO(concurrency) + Matrix 運算
⚙️ 執行矩陣運算...
concurrency[AIO + Matrix] 執行時間：1.441745 秒

========== I/O 模式選單 ==========
 1: Blocking I/O
 2: Asynchronous I/O (AIO)
 3: Blocking I/O + Matrix 計算
 4: AIO (Polling+concurrency) + Matrix 計算
 5: AIO (Polling) + Matrix 計算
 0: 離開程式
請選擇模式：📦 清除 Page Cache...
use cmd :'[1;33msync; echo 3 | sudo tee /proc/sys/vm/drop_caches > /dev/null[0m'
請輸入 AIO 並發數量（目前範例忽略並發，固定為單一區塊）：🔧 測試模式：AIO(concurrency) + Matrix 運算
⚙️ 執行矩陣運算...
concurrency[AIO + Matrix] 執行時間：2.590808 秒

========== I/O 模式選單 ==========
 1: Blocking I/O
 2: Asynchronous I/O (AIO)
 3: Blocking I/O + Matrix 計算
 4: AIO (Polling+concurrency) + Matrix 計算
 5: AIO (Polling) + Matrix 計算
 0: 離開程式
請選擇模式：📦 清除 Page Cache...
use cmd :'[1;33msync; echo 3 | sudo tee /proc/sys/vm/drop_caches > /dev/null[0m'
請輸入 AIO 並發數量（目前範例忽略並發，固定為單一區塊）：🔧 測試模式：AIO(concurrency) + Matrix 運算
⚙️ 執行矩陣運算...
concurrency[AIO + Matrix] 執行時間：2.460391 秒

========== I/O 模式選單 ==========
 1: Blocking I/O
 2: Asynchronous I/O (AIO)
 3: Blocking I/O + Matrix 計算
 4: AIO (Polling+concurrency) + Matrix 計算
 5: AIO (Polling) + Matrix 計算
 0: 離開程式
請選擇模式：📦 清除 Page Cache...
use cmd :'[1;33msync; echo 3 | sudo tee /proc/sys/vm/drop_caches > /dev/null[0m'
請輸入 AIO 並發數量（目前範例忽略並發，固定為單一區塊）：🔧 測試模式：AIO(concurrency) + Matrix 運算
⚙️ 執行矩陣運算...
concurrency[AIO + Matrix] 執行時間：2.584252 秒

========== I/O 模式選單 ==========
 1: Blocking I/O
 2: Asynchronous I/O (AIO)
 3: Blocking I/O + Matrix 計算
 4: AIO (Polling+concurrency) + Matrix 計算
 5: AIO (Polling) + Matrix 計算
 0: 離開程式
請選擇模式：📦 清除 Page Cache...
use cmd :'[1;33msync; echo 3 | sudo tee /proc/sys/vm/drop_caches > /dev/null[0m'
🔧 測試模式：AIO + Matrix 運算
⚙️ 執行矩陣運算...
[AIO + Matrix] 執行時間：0.896136 秒

========== I/O 模式選單 ==========
 1: Blocking I/O
 2: Asynchronous I/O (AIO)
 3: Blocking I/O + Matrix 計算
 4: AIO (Polling+concurrency) + Matrix 計算
 5: AIO (Polling) + Matrix 計算
 0: 離開程式
請選擇模式：結束測試。
700MB
🗑️ 成功刪除 input.txt 檔案。
是否建立測試檔？(size,MB)：📦 正在產生 input.txt...
use cmd :'[1;33m dd if=/dev/urandom of=input.txt bs=1M count=700 status=none [0m'
✅ 檔案產生完成。

========== I/O 模式選單 ==========
 1: Blocking I/O
 2: Asynchronous I/O (AIO)
 3: Blocking I/O + Matrix 計算
 4: AIO (Polling+concurrency) + Matrix 計算
 5: AIO (Polling) + Matrix 計算
 0: 離開程式
請選擇模式：📦 清除 Page Cache...
use cmd :'[1;33msync; echo 3 | sudo tee /proc/sys/vm/drop_caches > /dev/null[0m'
🔧 測試模式：Blocking I/O + Matrix
⚙️ 執行矩陣運算...
[Blocking + Matrix] 執行時間：3.865271 秒

========== I/O 模式選單 ==========
 1: Blocking I/O
 2: Asynchronous I/O (AIO)
 3: Blocking I/O + Matrix 計算
 4: AIO (Polling+concurrency) + Matrix 計算
 5: AIO (Polling) + Matrix 計算
 0: 離開程式
請選擇模式：📦 清除 Page Cache...
use cmd :'[1;33msync; echo 3 | sudo tee /proc/sys/vm/drop_caches > /dev/null[0m'
請輸入 AIO 並發數量（目前範例忽略並發，固定為單一區塊）：🔧 測試模式：AIO(concurrency) + Matrix 運算
⚙️ 執行矩陣運算...
concurrency[AIO + Matrix] 執行時間：2.883608 秒

========== I/O 模式選單 ==========
 1: Blocking I/O
 2: Asynchronous I/O (AIO)
 3: Blocking I/O + Matrix 計算
 4: AIO (Polling+concurrency) + Matrix 計算
 5: AIO (Polling) + Matrix 計算
 0: 離開程式
請選擇模式：📦 清除 Page Cache...
use cmd :'[1;33msync; echo 3 | sudo tee /proc/sys/vm/drop_caches > /dev/null[0m'
請輸入 AIO 並發數量（目前範例忽略並發，固定為單一區塊）：🔧 測試模式：AIO(concurrency) + Matrix 運算
⚙️ 執行矩陣運算...
concurrency[AIO + Matrix] 執行時間：2.941341 秒

========== I/O 模式選單 ==========
 1: Blocking I/O
 2: Asynchronous I/O (AIO)
 3: Blocking I/O + Matrix 計算
 4: AIO (Polling+concurrency) + Matrix 計算
 5: AIO (Polling) + Matrix 計算
 0: 離開程式
請選擇模式：📦 清除 Page Cache...
use cmd :'[1;33msync; echo 3 | sudo tee /proc/sys/vm/drop_caches > /dev/null[0m'
請輸入 AIO 並發數量（目前範例忽略並發，固定為單一區塊）：🔧 測試模式：AIO(concurrency) + Matrix 運算
⚙️ 執行矩陣運算...
concurrency[AIO + Matrix] 執行時間：2.996501 秒

========== I/O 模式選單 ==========
 1: Blocking I/O
 2: Asynchronous I/O (AIO)
 3: Blocking I/O + Matrix 計算
 4: AIO (Polling+concurrency) + Matrix 計算
 5: AIO (Polling) + Matrix 計算
 0: 離開程式
請選擇模式：📦 清除 Page Cache...
use cmd :'[1;33msync; echo 3 | sudo tee /proc/sys/vm/drop_caches > /dev/null[0m'
請輸入 AIO 並發數量（目前範例忽略並發，固定為單一區塊）：🔧 測試模式：AIO(concurrency) + Matrix 運算
⚙️ 執行矩陣運算...
concurrency[AIO + Matrix] 執行時間：3.194946 秒

========== I/O 模式選單 ==========
 1: Blocking I/O
 2: Asynchronous I/O (AIO)
 3: Blocking I/O + Matrix 計算
 4: AIO (Polling+concurrency) + Matrix 計算
 5: AIO (Polling) + Matrix 計算
 0: 離開程式
請選擇模式：📦 清除 Page Cache...
use cmd :'[1;33msync; echo 3 | sudo tee /proc/sys/vm/drop_caches > /dev/null[0m'
🔧 測試模式：AIO + Matrix 運算
⚙️ 執行矩陣運算...
[AIO + Matrix] 執行時間：0.716405 秒

========== I/O 模式選單 ==========
 1: Blocking I/O
 2: Asynchronous I/O (AIO)
 3: Blocking I/O + Matrix 計算
 4: AIO (Polling+concurrency) + Matrix 計算
 5: AIO (Polling) + Matrix 計算
 0: 離開程式
請選擇模式：結束測試。
800MB
🗑️ 成功刪除 input.txt 檔案。
是否建立測試檔？(size,MB)：📦 正在產生 input.txt...
use cmd :'[1;33m dd if=/dev/urandom of=input.txt bs=1M count=800 status=none [0m'
✅ 檔案產生完成。

========== I/O 模式選單 ==========
 1: Blocking I/O
 2: Asynchronous I/O (AIO)
 3: Blocking I/O + Matrix 計算
 4: AIO (Polling+concurrency) + Matrix 計算
 5: AIO (Polling) + Matrix 計算
 0: 離開程式
請選擇模式：📦 清除 Page Cache...
use cmd :'[1;33msync; echo 3 | sudo tee /proc/sys/vm/drop_caches > /dev/null[0m'
🔧 測試模式：Blocking I/O + Matrix
⚙️ 執行矩陣運算...
[Blocking + Matrix] 執行時間：4.058233 秒

========== I/O 模式選單 ==========
 1: Blocking I/O
 2: Asynchronous I/O (AIO)
 3: Blocking I/O + Matrix 計算
 4: AIO (Polling+concurrency) + Matrix 計算
 5: AIO (Polling) + Matrix 計算
 0: 離開程式
請選擇模式：📦 清除 Page Cache...
use cmd :'[1;33msync; echo 3 | sudo tee /proc/sys/vm/drop_caches > /dev/null[0m'
請輸入 AIO 並發數量（目前範例忽略並發，固定為單一區塊）：🔧 測試模式：AIO(concurrency) + Matrix 運算
⚙️ 執行矩陣運算...
concurrency[AIO + Matrix] 執行時間：3.177264 秒

========== I/O 模式選單 ==========
 1: Blocking I/O
 2: Asynchronous I/O (AIO)
 3: Blocking I/O + Matrix 計算
 4: AIO (Polling+concurrency) + Matrix 計算
 5: AIO (Polling) + Matrix 計算
 0: 離開程式
請選擇模式：📦 清除 Page Cache...
use cmd :'[1;33msync; echo 3 | sudo tee /proc/sys/vm/drop_caches > /dev/null[0m'
請輸入 AIO 並發數量（目前範例忽略並發，固定為單一區塊）：🔧 測試模式：AIO(concurrency) + Matrix 運算
⚙️ 執行矩陣運算...
concurrency[AIO + Matrix] 執行時間：3.526706 秒

========== I/O 模式選單 ==========
 1: Blocking I/O
 2: Asynchronous I/O (AIO)
 3: Blocking I/O + Matrix 計算
 4: AIO (Polling+concurrency) + Matrix 計算
 5: AIO (Polling) + Matrix 計算
 0: 離開程式
請選擇模式：📦 清除 Page Cache...
use cmd :'[1;33msync; echo 3 | sudo tee /proc/sys/vm/drop_caches > /dev/null[0m'
請輸入 AIO 並發數量（目前範例忽略並發，固定為單一區塊）：🔧 測試模式：AIO(concurrency) + Matrix 運算
⚙️ 執行矩陣運算...
concurrency[AIO + Matrix] 執行時間：3.217245 秒

========== I/O 模式選單 ==========
 1: Blocking I/O
 2: Asynchronous I/O (AIO)
 3: Blocking I/O + Matrix 計算
 4: AIO (Polling+concurrency) + Matrix 計算
 5: AIO (Polling) + Matrix 計算
 0: 離開程式
請選擇模式：📦 清除 Page Cache...
use cmd :'[1;33msync; echo 3 | sudo tee /proc/sys/vm/drop_caches > /dev/null[0m'
請輸入 AIO 並發數量（目前範例忽略並發，固定為單一區塊）：🔧 測試模式：AIO(concurrency) + Matrix 運算
⚙️ 執行矩陣運算...
concurrency[AIO + Matrix] 執行時間：3.181957 秒

========== I/O 模式選單 ==========
 1: Blocking I/O
 2: Asynchronous I/O (AIO)
 3: Blocking I/O + Matrix 計算
 4: AIO (Polling+concurrency) + Matrix 計算
 5: AIO (Polling) + Matrix 計算
 0: 離開程式
請選擇模式：📦 清除 Page Cache...
use cmd :'[1;33msync; echo 3 | sudo tee /proc/sys/vm/drop_caches > /dev/null[0m'
🔧 測試模式：AIO + Matrix 運算
⚙️ 執行矩陣運算...
[AIO + Matrix] 執行時間：0.655571 秒

========== I/O 模式選單 ==========
 1: Blocking I/O
 2: Asynchronous I/O (AIO)
 3: Blocking I/O + Matrix 計算
 4: AIO (Polling+concurrency) + Matrix 計算
 5: AIO (Polling) + Matrix 計算
 0: 離開程式
請選擇模式：結束測試。
900MB
🗑️ 成功刪除 input.txt 檔案。
是否建立測試檔？(size,MB)：📦 正在產生 input.txt...
use cmd :'[1;33m dd if=/dev/urandom of=input.txt bs=1M count=900 status=none [0m'
✅ 檔案產生完成。

========== I/O 模式選單 ==========
 1: Blocking I/O
 2: Asynchronous I/O (AIO)
 3: Blocking I/O + Matrix 計算
 4: AIO (Polling+concurrency) + Matrix 計算
 5: AIO (Polling) + Matrix 計算
 0: 離開程式
請選擇模式：📦 清除 Page Cache...
use cmd :'[1;33msync; echo 3 | sudo tee /proc/sys/vm/drop_caches > /dev/null[0m'
🔧 測試模式：Blocking I/O + Matrix
⚙️ 執行矩陣運算...
[Blocking + Matrix] 執行時間：4.742516 秒

========== I/O 模式選單 ==========
 1: Blocking I/O
 2: Asynchronous I/O (AIO)
 3: Blocking I/O + Matrix 計算
 4: AIO (Polling+concurrency) + Matrix 計算
 5: AIO (Polling) + Matrix 計算
 0: 離開程式
請選擇模式：📦 清除 Page Cache...
use cmd :'[1;33msync; echo 3 | sudo tee /proc/sys/vm/drop_caches > /dev/null[0m'
請輸入 AIO 並發數量（目前範例忽略並發，固定為單一區塊）：🔧 測試模式：AIO(concurrency) + Matrix 運算
⚙️ 執行矩陣運算...
concurrency[AIO + Matrix] 執行時間：3.520354 秒

========== I/O 模式選單 ==========
 1: Blocking I/O
 2: Asynchronous I/O (AIO)
 3: Blocking I/O + Matrix 計算
 4: AIO (Polling+concurrency) + Matrix 計算
 5: AIO (Polling) + Matrix 計算
 0: 離開程式
請選擇模式：📦 清除 Page Cache...
use cmd :'[1;33msync; echo 3 | sudo tee /proc/sys/vm/drop_caches > /dev/null[0m'
請輸入 AIO 並發數量（目前範例忽略並發，固定為單一區塊）：🔧 測試模式：AIO(concurrency) + Matrix 運算
⚙️ 執行矩陣運算...
concurrency[AIO + Matrix] 執行時間：3.841858 秒

========== I/O 模式選單 ==========
 1: Blocking I/O
 2: Asynchronous I/O (AIO)
 3: Blocking I/O + Matrix 計算
 4: AIO (Polling+concurrency) + Matrix 計算
 5: AIO (Polling) + Matrix 計算
 0: 離開程式
請選擇模式：📦 清除 Page Cache...
use cmd :'[1;33msync; echo 3 | sudo tee /proc/sys/vm/drop_caches > /dev/null[0m'
請輸入 AIO 並發數量（目前範例忽略並發，固定為單一區塊）：🔧 測試模式：AIO(concurrency) + Matrix 運算
⚙️ 執行矩陣運算...
concurrency[AIO + Matrix] 執行時間：3.503440 秒

========== I/O 模式選單 ==========
 1: Blocking I/O
 2: Asynchronous I/O (AIO)
 3: Blocking I/O + Matrix 計算
 4: AIO (Polling+concurrency) + Matrix 計算
 5: AIO (Polling) + Matrix 計算
 0: 離開程式
請選擇模式：📦 清除 Page Cache...
use cmd :'[1;33msync; echo 3 | sudo tee /proc/sys/vm/drop_caches > /dev/null[0m'
請輸入 AIO 並發數量（目前範例忽略並發，固定為單一區塊）：🔧 測試模式：AIO(concurrency) + Matrix 運算
⚙️ 執行矩陣運算...
concurrency[AIO + Matrix] 執行時間：3.538330 秒

========== I/O 模式選單 ==========
 1: Blocking I/O
 2: Asynchronous I/O (AIO)
 3: Blocking I/O + Matrix 計算
 4: AIO (Polling+concurrency) + Matrix 計算
 5: AIO (Polling) + Matrix 計算
 0: 離開程式
請選擇模式：📦 清除 Page Cache...
use cmd :'[1;33msync; echo 3 | sudo tee /proc/sys/vm/drop_caches > /dev/null[0m'
🔧 測試模式：AIO + Matrix 運算
⚙️ 執行矩陣運算...
[AIO + Matrix] 執行時間：0.568510 秒

========== I/O 模式選單 ==========
 1: Blocking I/O
 2: Asynchronous I/O (AIO)
 3: Blocking I/O + Matrix 計算
 4: AIO (Polling+concurrency) + Matrix 計算
 5: AIO (Polling) + Matrix 計算
 0: 離開程式
請選擇模式：結束測試。
1000MB
🗑️ 成功刪除 input.txt 檔案。
是否建立測試檔？(size,MB)：📦 正在產生 input.txt...
use cmd :'[1;33m dd if=/dev/urandom of=input.txt bs=1M count=1000 status=none [0m'
✅ 檔案產生完成。

========== I/O 模式選單 ==========
 1: Blocking I/O
 2: Asynchronous I/O (AIO)
 3: Blocking I/O + Matrix 計算
 4: AIO (Polling+concurrency) + Matrix 計算
 5: AIO (Polling) + Matrix 計算
 0: 離開程式
請選擇模式：📦 清除 Page Cache...
use cmd :'[1;33msync; echo 3 | sudo tee /proc/sys/vm/drop_caches > /dev/null[0m'
🔧 測試模式：Blocking I/O + Matrix
⚙️ 執行矩陣運算...
[Blocking + Matrix] 執行時間：4.573621 秒

========== I/O 模式選單 ==========
 1: Blocking I/O
 2: Asynchronous I/O (AIO)
 3: Blocking I/O + Matrix 計算
 4: AIO (Polling+concurrency) + Matrix 計算
 5: AIO (Polling) + Matrix 計算
 0: 離開程式
請選擇模式：📦 清除 Page Cache...
use cmd :'[1;33msync; echo 3 | sudo tee /proc/sys/vm/drop_caches > /dev/null[0m'
請輸入 AIO 並發數量（目前範例忽略並發，固定為單一區塊）：🔧 測試模式：AIO(concurrency) + Matrix 運算
⚙️ 執行矩陣運算...
concurrency[AIO + Matrix] 執行時間：4.078290 秒

========== I/O 模式選單 ==========
 1: Blocking I/O
 2: Asynchronous I/O (AIO)
 3: Blocking I/O + Matrix 計算
 4: AIO (Polling+concurrency) + Matrix 計算
 5: AIO (Polling) + Matrix 計算
 0: 離開程式
請選擇模式：📦 清除 Page Cache...
use cmd :'[1;33msync; echo 3 | sudo tee /proc/sys/vm/drop_caches > /dev/null[0m'
請輸入 AIO 並發數量（目前範例忽略並發，固定為單一區塊）：🔧 測試模式：AIO(concurrency) + Matrix 運算
⚙️ 執行矩陣運算...
concurrency[AIO + Matrix] 執行時間：4.230902 秒

========== I/O 模式選單 ==========
 1: Blocking I/O
 2: Asynchronous I/O (AIO)
 3: Blocking I/O + Matrix 計算
 4: AIO (Polling+concurrency) + Matrix 計算
 5: AIO (Polling) + Matrix 計算
 0: 離開程式
請選擇模式：📦 清除 Page Cache...
use cmd :'[1;33msync; echo 3 | sudo tee /proc/sys/vm/drop_caches > /dev/null[0m'
請輸入 AIO 並發數量（目前範例忽略並發，固定為單一區塊）：🔧 測試模式：AIO(concurrency) + Matrix 運算
⚙️ 執行矩陣運算...
concurrency[AIO + Matrix] 執行時間：4.079232 秒

========== I/O 模式選單 ==========
 1: Blocking I/O
 2: Asynchronous I/O (AIO)
 3: Blocking I/O + Matrix 計算
 4: AIO (Polling+concurrency) + Matrix 計算
 5: AIO (Polling) + Matrix 計算
 0: 離開程式
請選擇模式：📦 清除 Page Cache...
use cmd :'[1;33msync; echo 3 | sudo tee /proc/sys/vm/drop_caches > /dev/null[0m'
請輸入 AIO 並發數量（目前範例忽略並發，固定為單一區塊）：🔧 測試模式：AIO(concurrency) + Matrix 運算
⚙️ 執行矩陣運算...
concurrency[AIO + Matrix] 執行時間：3.884241 秒

========== I/O 模式選單 ==========
 1: Blocking I/O
 2: Asynchronous I/O (AIO)
 3: Blocking I/O + Matrix 計算
 4: AIO (Polling+concurrency) + Matrix 計算
 5: AIO (Polling) + Matrix 計算
 0: 離開程式
請選擇模式：📦 清除 Page Cache...
use cmd :'[1;33msync; echo 3 | sudo tee /proc/sys/vm/drop_caches > /dev/null[0m'
🔧 測試模式：AIO + Matrix 運算
⚙️ 執行矩陣運算...
[AIO + Matrix] 執行時間：0.621670 秒

========== I/O 模式選單 ==========
 1: Blocking I/O
 2: Asynchronous I/O (AIO)
 3: Blocking I/O + Matrix 計算
 4: AIO (Polling+concurrency) + Matrix 計算
 5: AIO (Polling) + Matrix 計算
 0: 離開程式
請選擇模式：結束測試。
